<!DOCTYPE html PUBLIC "-//W3C//DTD XHTML 1.1//EN" "https://www.w3.org/TR/xhtml11/DTD/xhtml11.dtd">
<html xmlns="https://www.w3.org/1999/xhtml">
<head>
<meta http-equiv="content-type" content="text/html; charset=UTF-8"/>
<title>TestNG Report</title>
<style type="text/css">table {margin-bottom:10px;border-collapse:collapse;empty-cells:show}th,td {border:1px solid #009;padding:.25em .5em}th {vertical-align:bottom}td {vertical-align:top}table a {font-weight:bold}.stripe td {background-color: #E6EBF9}.num {text-align:right}.passedodd td {background-color: #3F3}.passedeven td {background-color: #0A0}.skippedodd td {background-color: #DDD}.skippedeven td {background-color: #CCC}.failedodd td,.attn {background-color: #F33}.failedeven td,.stripe .attn {background-color: #D00}.stacktrace {white-space:pre;font-family:monospace}.totop {font-size:85%;text-align:center;border-bottom:2px solid #000}.invisible {display:none}</style>
</head>
<body>
<table>
<tr><th>Test</th><th># Passed</th><th># Skipped</th><th># Retried</th><th># Failed</th><th>Time (ms)</th><th>Included Groups</th><th>Excluded Groups</th></tr>
<tr><th colspan="8">Suite</th></tr>
<tr><td><a href="#t0">Test</a></td><td class="num">0</td><td class="num attn">11</td><td class="num">0</td><td class="num">0</td><td class="num">1,866</td><td></td><td></td></tr>
</table>
<table id='summary'><thead><tr><th>Class</th><th>Method</th><th>Start</th><th>Time (ms)</th></tr></thead><tbody><tr><th colspan="4">Suite</th></tr></tbody><tbody id="t0"><tr><th colspan="4">Test &#8212; failed (configuration methods)</th></tr><tr class="failedeven"><td rowspan="1">base.Base</td><td><a href="#m0">setUp</a></td><td rowspan="1">1628229568571</td><td rowspan="1">4162</td></tr><tr><th colspan="4">Test &#8212; skipped (configuration methods)</th></tr><tr class="skippedeven"><td rowspan="1">base.Base</td><td><a href="#m1">teadDown</a></td><td rowspan="1">1628229574717</td><td rowspan="1">-1628229574717</td></tr><tr><th colspan="4">Test &#8212; skipped</th></tr><tr class="skippedeven"><td rowspan="1">Testsuit.LoginTest</td><td><a href="#m2">runScenario</a></td><td rowspan="1">1628229573802</td><td rowspan="1">0</td></tr><tr class="skippedodd"><td rowspan="2">Testsuit.dropdowntest</td><td><a href="#m3">runScenario</a></td><td rowspan="2">1628229574438</td><td rowspan="2">0</td></tr><tr class="skippedodd"><td><a href="#m4">runScenario</a></td></tr><tr class="skippedeven"><td rowspan="1">Testsuit.importest</td><td><a href="#m5">runScenario</a></td><td rowspan="1">1628229574262</td><td rowspan="1">0</td></tr><tr class="skippedodd"><td rowspan="6">Testsuit.leadTest</td><td><a href="#m6">runScenario</a></td><td rowspan="6">1628229574111</td><td rowspan="6">0</td></tr><tr class="skippedodd"><td><a href="#m7">runScenario</a></td></tr><tr class="skippedodd"><td><a href="#m8">runScenario</a></td></tr><tr class="skippedodd"><td><a href="#m9">runScenario</a></td></tr><tr class="skippedodd"><td><a href="#m10">runScenario</a></td></tr><tr class="skippedodd"><td><a href="#m11">runScenario</a></td></tr><tr class="skippedeven"><td rowspan="1">Testsuit.webtoleadformtest</td><td><a href="#m12">runScenario</a></td><td rowspan="1">1628229574562</td><td rowspan="1">0</td></tr></tbody>
</table>
<h2>Test</h2><h3 id="m0">base.Base#setUp</h3><table class="result"><tr><th>Exception</th></tr><tr><td><div class="stacktrace">org.openqa.selenium.InvalidArgumentException: invalid argument: entry 0 of &apos;firstMatch&apos; is invalid
from invalid argument: cannot parse capability: goog:chromeOptions
from invalid argument: unrecognized chrome option: credentials_enable_service
Build info: version: &apos;4.0.0-alpha-5&apos;, revision: &apos;b3a0d621cc&apos;
System info: host: &apos;DESKTOP-8G3MUB9&apos;, ip: &apos;192.168.0.105&apos;, os.name: &apos;Windows 10&apos;, os.arch: &apos;amd64&apos;, os.version: &apos;10.0&apos;, java.version: &apos;1.8.0_261&apos;
Driver info: driver.version: ChromeDriver
remote stacktrace: Backtrace:
	Ordinal0 [0x00452A33+2501171]
	Ordinal0 [0x003ED1C1+2085313]
	Ordinal0 [0x002F1FA8+1056680]
	Ordinal0 [0x003069D8+1141208]
	Ordinal0 [0x00309284+1151620]
	Ordinal0 [0x003035E2+1127906]
	Ordinal0 [0x00338A33+1346099]
	Ordinal0 [0x0033850F+1344783]
	Ordinal0 [0x00339785+1349509]
	Ordinal0 [0x0033960A+1349130]
	Ordinal0 [0x0033551B+1332507]
	Ordinal0 [0x00311D74+1187188]
	Ordinal0 [0x00312BD9+1190873]
	GetHandleVerifier [0x005CEFE6+1504438]
	GetHandleVerifier [0x0067DDA5+2220661]
	GetHandleVerifier [0x004D5589+481881]
	GetHandleVerifier [0x004D4639+477961]
	Ordinal0 [0x003F28BD+2107581]
	Ordinal0 [0x003F6728+2123560]
	Ordinal0 [0x003F6862+2123874]
	Ordinal0 [0x003FFA81+2161281]
	BaseThreadInitThunk [0x771D6359+25]
	RtlGetAppContainerNamedObjectPath [0x776A87A4+228]
	RtlGetAppContainerNamedObjectPath [0x776A8774+180]

	at org.openqa.selenium.remote.W3CHandshakeResponse.lambda$errorHandler$0(W3CHandshakeResponse.java:62)
	at org.openqa.selenium.remote.HandshakeResponse.lambda$getResponseFunction$0(HandshakeResponse.java:30)
	at org.openqa.selenium.remote.ProtocolHandshake.lambda$createSession$1(ProtocolHandshake.java:126)
	at java.util.stream.ReferencePipeline$3$1.accept(ReferencePipeline.java:193)
	at java.util.Spliterators$ArraySpliterator.tryAdvance(Spliterators.java:958)
	at java.util.stream.ReferencePipeline.forEachWithCancel(ReferencePipeline.java:126)
	at java.util.stream.AbstractPipeline.copyIntoWithCancel(AbstractPipeline.java:499)
	at java.util.stream.AbstractPipeline.copyInto(AbstractPipeline.java:486)
	at java.util.stream.AbstractPipeline.wrapAndCopyInto(AbstractPipeline.java:472)
	at java.util.stream.FindOps$FindOp.evaluateSequential(FindOps.java:152)
	at java.util.stream.AbstractPipeline.evaluate(AbstractPipeline.java:234)
	at java.util.stream.ReferencePipeline.findFirst(ReferencePipeline.java:464)
	at org.openqa.selenium.remote.ProtocolHandshake.createSession(ProtocolHandshake.java:128)
	at org.openqa.selenium.remote.ProtocolHandshake.createSession(ProtocolHandshake.java:75)
	at org.openqa.selenium.remote.HttpCommandExecutor.execute(HttpCommandExecutor.java:139)
	at org.openqa.selenium.remote.service.DriverCommandExecutor.execute(DriverCommandExecutor.java:83)
	at org.openqa.selenium.remote.RemoteWebDriver.execute(RemoteWebDriver.java:582)
	at org.openqa.selenium.remote.RemoteWebDriver.startSession(RemoteWebDriver.java:216)
	at org.openqa.selenium.remote.RemoteWebDriver.&lt;init&gt;(RemoteWebDriver.java:136)
	at org.openqa.selenium.chromium.ChromiumDriver.&lt;init&gt;(ChromiumDriver.java:75)
	at org.openqa.selenium.chrome.ChromeDriver.&lt;init&gt;(ChromeDriver.java:163)
	at org.openqa.selenium.chrome.ChromeDriver.&lt;init&gt;(ChromeDriver.java:150)
	at org.openqa.selenium.chrome.ChromeDriver.&lt;init&gt;(ChromeDriver.java:139)
	at base.Base.setUp(Base.java:73)
... Removed 23 stack frames</div></td></tr></table><p class="totop"><a href="#summary">back to summary</a></p>
<h3 id="m1">base.Base#teadDown</h3><table class="result"><tr><th class="invisible"/></tr></table><p class="totop"><a href="#summary">back to summary</a></p>
<h3 id="m2">Testsuit.LoginTest#runScenario</h3><table class="result"><tr class="param"><th>Parameter #1</th><th>Parameter #2</th></tr><tr class="param stripe"><td>&quot;Login into SalesForce&quot;</td><td>&quot;Optional[check the Login]&quot;</td></tr><tr><th colspan="2">Exception</th></tr><tr><td colspan="2"><div class="stacktrace">org.openqa.selenium.InvalidArgumentException: invalid argument: entry 0 of &apos;firstMatch&apos; is invalid
from invalid argument: cannot parse capability: goog:chromeOptions
from invalid argument: unrecognized chrome option: credentials_enable_service
Build info: version: &apos;4.0.0-alpha-5&apos;, revision: &apos;b3a0d621cc&apos;
System info: host: &apos;DESKTOP-8G3MUB9&apos;, ip: &apos;192.168.0.105&apos;, os.name: &apos;Windows 10&apos;, os.arch: &apos;amd64&apos;, os.version: &apos;10.0&apos;, java.version: &apos;1.8.0_261&apos;
Driver info: driver.version: ChromeDriver
remote stacktrace: Backtrace:
	Ordinal0 [0x00452A33+2501171]
	Ordinal0 [0x003ED1C1+2085313]
	Ordinal0 [0x002F1FA8+1056680]
	Ordinal0 [0x003069D8+1141208]
	Ordinal0 [0x00309284+1151620]
	Ordinal0 [0x003035E2+1127906]
	Ordinal0 [0x00338A33+1346099]
	Ordinal0 [0x0033850F+1344783]
	Ordinal0 [0x00339785+1349509]
	Ordinal0 [0x0033960A+1349130]
	Ordinal0 [0x0033551B+1332507]
	Ordinal0 [0x00311D74+1187188]
	Ordinal0 [0x00312BD9+1190873]
	GetHandleVerifier [0x005CEFE6+1504438]
	GetHandleVerifier [0x0067DDA5+2220661]
	GetHandleVerifier [0x004D5589+481881]
	GetHandleVerifier [0x004D4639+477961]
	Ordinal0 [0x003F28BD+2107581]
	Ordinal0 [0x003F6728+2123560]
	Ordinal0 [0x003F6862+2123874]
	Ordinal0 [0x003FFA81+2161281]
	BaseThreadInitThunk [0x771D6359+25]
	RtlGetAppContainerNamedObjectPath [0x776A87A4+228]
	RtlGetAppContainerNamedObjectPath [0x776A8774+180]

	at org.openqa.selenium.remote.W3CHandshakeResponse.lambda$errorHandler$0(W3CHandshakeResponse.java:62)
	at org.openqa.selenium.remote.HandshakeResponse.lambda$getResponseFunction$0(HandshakeResponse.java:30)
	at org.openqa.selenium.remote.ProtocolHandshake.lambda$createSession$1(ProtocolHandshake.java:126)
	at java.util.stream.ReferencePipeline$3$1.accept(ReferencePipeline.java:193)
	at java.util.Spliterators$ArraySpliterator.tryAdvance(Spliterators.java:958)
	at java.util.stream.ReferencePipeline.forEachWithCancel(ReferencePipeline.java:126)
	at java.util.stream.AbstractPipeline.copyIntoWithCancel(AbstractPipeline.java:499)
	at java.util.stream.AbstractPipeline.copyInto(AbstractPipeline.java:486)
	at java.util.stream.AbstractPipeline.wrapAndCopyInto(AbstractPipeline.java:472)
	at java.util.stream.FindOps$FindOp.evaluateSequential(FindOps.java:152)
	at java.util.stream.AbstractPipeline.evaluate(AbstractPipeline.java:234)
	at java.util.stream.ReferencePipeline.findFirst(ReferencePipeline.java:464)
	at org.openqa.selenium.remote.ProtocolHandshake.createSession(ProtocolHandshake.java:128)
	at org.openqa.selenium.remote.ProtocolHandshake.createSession(ProtocolHandshake.java:75)
	at org.openqa.selenium.remote.HttpCommandExecutor.execute(HttpCommandExecutor.java:139)
	at org.openqa.selenium.remote.service.DriverCommandExecutor.execute(DriverCommandExecutor.java:83)
	at org.openqa.selenium.remote.RemoteWebDriver.execute(RemoteWebDriver.java:582)
	at org.openqa.selenium.remote.RemoteWebDriver.startSession(RemoteWebDriver.java:216)
	at org.openqa.selenium.remote.RemoteWebDriver.&lt;init&gt;(RemoteWebDriver.java:136)
	at org.openqa.selenium.chromium.ChromiumDriver.&lt;init&gt;(ChromiumDriver.java:75)
	at org.openqa.selenium.chrome.ChromeDriver.&lt;init&gt;(ChromeDriver.java:163)
	at org.openqa.selenium.chrome.ChromeDriver.&lt;init&gt;(ChromeDriver.java:150)
	at org.openqa.selenium.chrome.ChromeDriver.&lt;init&gt;(ChromeDriver.java:139)
	at base.Base.setUp(Base.java:73)
... Removed 23 stack frames</div></td></tr></table><p class="totop"><a href="#summary">back to summary</a></p>
<h3 id="m3">Testsuit.dropdowntest#runScenario</h3><table class="result"><tr class="param"><th>Parameter #1</th><th>Parameter #2</th></tr><tr class="param stripe"><td>&quot;Navigate to Leadsource&quot;</td><td>&quot;Optional[validate dropdownvalues of Industries]&quot;</td></tr><tr><th colspan="2">Exception</th></tr><tr><td colspan="2"><div class="stacktrace">org.openqa.selenium.InvalidArgumentException: invalid argument: entry 0 of &apos;firstMatch&apos; is invalid
from invalid argument: cannot parse capability: goog:chromeOptions
from invalid argument: unrecognized chrome option: credentials_enable_service
Build info: version: &apos;4.0.0-alpha-5&apos;, revision: &apos;b3a0d621cc&apos;
System info: host: &apos;DESKTOP-8G3MUB9&apos;, ip: &apos;192.168.0.105&apos;, os.name: &apos;Windows 10&apos;, os.arch: &apos;amd64&apos;, os.version: &apos;10.0&apos;, java.version: &apos;1.8.0_261&apos;
Driver info: driver.version: ChromeDriver
remote stacktrace: Backtrace:
	Ordinal0 [0x00452A33+2501171]
	Ordinal0 [0x003ED1C1+2085313]
	Ordinal0 [0x002F1FA8+1056680]
	Ordinal0 [0x003069D8+1141208]
	Ordinal0 [0x00309284+1151620]
	Ordinal0 [0x003035E2+1127906]
	Ordinal0 [0x00338A33+1346099]
	Ordinal0 [0x0033850F+1344783]
	Ordinal0 [0x00339785+1349509]
	Ordinal0 [0x0033960A+1349130]
	Ordinal0 [0x0033551B+1332507]
	Ordinal0 [0x00311D74+1187188]
	Ordinal0 [0x00312BD9+1190873]
	GetHandleVerifier [0x005CEFE6+1504438]
	GetHandleVerifier [0x0067DDA5+2220661]
	GetHandleVerifier [0x004D5589+481881]
	GetHandleVerifier [0x004D4639+477961]
	Ordinal0 [0x003F28BD+2107581]
	Ordinal0 [0x003F6728+2123560]
	Ordinal0 [0x003F6862+2123874]
	Ordinal0 [0x003FFA81+2161281]
	BaseThreadInitThunk [0x771D6359+25]
	RtlGetAppContainerNamedObjectPath [0x776A87A4+228]
	RtlGetAppContainerNamedObjectPath [0x776A8774+180]

	at org.openqa.selenium.remote.W3CHandshakeResponse.lambda$errorHandler$0(W3CHandshakeResponse.java:62)
	at org.openqa.selenium.remote.HandshakeResponse.lambda$getResponseFunction$0(HandshakeResponse.java:30)
	at org.openqa.selenium.remote.ProtocolHandshake.lambda$createSession$1(ProtocolHandshake.java:126)
	at java.util.stream.ReferencePipeline$3$1.accept(ReferencePipeline.java:193)
	at java.util.Spliterators$ArraySpliterator.tryAdvance(Spliterators.java:958)
	at java.util.stream.ReferencePipeline.forEachWithCancel(ReferencePipeline.java:126)
	at java.util.stream.AbstractPipeline.copyIntoWithCancel(AbstractPipeline.java:499)
	at java.util.stream.AbstractPipeline.copyInto(AbstractPipeline.java:486)
	at java.util.stream.AbstractPipeline.wrapAndCopyInto(AbstractPipeline.java:472)
	at java.util.stream.FindOps$FindOp.evaluateSequential(FindOps.java:152)
	at java.util.stream.AbstractPipeline.evaluate(AbstractPipeline.java:234)
	at java.util.stream.ReferencePipeline.findFirst(ReferencePipeline.java:464)
	at org.openqa.selenium.remote.ProtocolHandshake.createSession(ProtocolHandshake.java:128)
	at org.openqa.selenium.remote.ProtocolHandshake.createSession(ProtocolHandshake.java:75)
	at org.openqa.selenium.remote.HttpCommandExecutor.execute(HttpCommandExecutor.java:139)
	at org.openqa.selenium.remote.service.DriverCommandExecutor.execute(DriverCommandExecutor.java:83)
	at org.openqa.selenium.remote.RemoteWebDriver.execute(RemoteWebDriver.java:582)
	at org.openqa.selenium.remote.RemoteWebDriver.startSession(RemoteWebDriver.java:216)
	at org.openqa.selenium.remote.RemoteWebDriver.&lt;init&gt;(RemoteWebDriver.java:136)
	at org.openqa.selenium.chromium.ChromiumDriver.&lt;init&gt;(ChromiumDriver.java:75)
	at org.openqa.selenium.chrome.ChromeDriver.&lt;init&gt;(ChromeDriver.java:163)
	at org.openqa.selenium.chrome.ChromeDriver.&lt;init&gt;(ChromeDriver.java:150)
	at org.openqa.selenium.chrome.ChromeDriver.&lt;init&gt;(ChromeDriver.java:139)
	at base.Base.setUp(Base.java:73)
... Removed 23 stack frames</div></td></tr></table><p class="totop"><a href="#summary">back to summary</a></p>
<h3 id="m4">Testsuit.dropdowntest#runScenario</h3><table class="result"><tr class="param"><th>Parameter #1</th><th>Parameter #2</th></tr><tr class="param stripe"><td>&quot;Navigate to Industry dropdown&quot;</td><td>&quot;Optional[validate dropdownvalues of Industries]&quot;</td></tr><tr><th colspan="2">Exception</th></tr><tr><td colspan="2"><div class="stacktrace">org.openqa.selenium.InvalidArgumentException: invalid argument: entry 0 of &apos;firstMatch&apos; is invalid
from invalid argument: cannot parse capability: goog:chromeOptions
from invalid argument: unrecognized chrome option: credentials_enable_service
Build info: version: &apos;4.0.0-alpha-5&apos;, revision: &apos;b3a0d621cc&apos;
System info: host: &apos;DESKTOP-8G3MUB9&apos;, ip: &apos;192.168.0.105&apos;, os.name: &apos;Windows 10&apos;, os.arch: &apos;amd64&apos;, os.version: &apos;10.0&apos;, java.version: &apos;1.8.0_261&apos;
Driver info: driver.version: ChromeDriver
remote stacktrace: Backtrace:
	Ordinal0 [0x00452A33+2501171]
	Ordinal0 [0x003ED1C1+2085313]
	Ordinal0 [0x002F1FA8+1056680]
	Ordinal0 [0x003069D8+1141208]
	Ordinal0 [0x00309284+1151620]
	Ordinal0 [0x003035E2+1127906]
	Ordinal0 [0x00338A33+1346099]
	Ordinal0 [0x0033850F+1344783]
	Ordinal0 [0x00339785+1349509]
	Ordinal0 [0x0033960A+1349130]
	Ordinal0 [0x0033551B+1332507]
	Ordinal0 [0x00311D74+1187188]
	Ordinal0 [0x00312BD9+1190873]
	GetHandleVerifier [0x005CEFE6+1504438]
	GetHandleVerifier [0x0067DDA5+2220661]
	GetHandleVerifier [0x004D5589+481881]
	GetHandleVerifier [0x004D4639+477961]
	Ordinal0 [0x003F28BD+2107581]
	Ordinal0 [0x003F6728+2123560]
	Ordinal0 [0x003F6862+2123874]
	Ordinal0 [0x003FFA81+2161281]
	BaseThreadInitThunk [0x771D6359+25]
	RtlGetAppContainerNamedObjectPath [0x776A87A4+228]
	RtlGetAppContainerNamedObjectPath [0x776A8774+180]

	at org.openqa.selenium.remote.W3CHandshakeResponse.lambda$errorHandler$0(W3CHandshakeResponse.java:62)
	at org.openqa.selenium.remote.HandshakeResponse.lambda$getResponseFunction$0(HandshakeResponse.java:30)
	at org.openqa.selenium.remote.ProtocolHandshake.lambda$createSession$1(ProtocolHandshake.java:126)
	at java.util.stream.ReferencePipeline$3$1.accept(ReferencePipeline.java:193)
	at java.util.Spliterators$ArraySpliterator.tryAdvance(Spliterators.java:958)
	at java.util.stream.ReferencePipeline.forEachWithCancel(ReferencePipeline.java:126)
	at java.util.stream.AbstractPipeline.copyIntoWithCancel(AbstractPipeline.java:499)
	at java.util.stream.AbstractPipeline.copyInto(AbstractPipeline.java:486)
	at java.util.stream.AbstractPipeline.wrapAndCopyInto(AbstractPipeline.java:472)
	at java.util.stream.FindOps$FindOp.evaluateSequential(FindOps.java:152)
	at java.util.stream.AbstractPipeline.evaluate(AbstractPipeline.java:234)
	at java.util.stream.ReferencePipeline.findFirst(ReferencePipeline.java:464)
	at org.openqa.selenium.remote.ProtocolHandshake.createSession(ProtocolHandshake.java:128)
	at org.openqa.selenium.remote.ProtocolHandshake.createSession(ProtocolHandshake.java:75)
	at org.openqa.selenium.remote.HttpCommandExecutor.execute(HttpCommandExecutor.java:139)
	at org.openqa.selenium.remote.service.DriverCommandExecutor.execute(DriverCommandExecutor.java:83)
	at org.openqa.selenium.remote.RemoteWebDriver.execute(RemoteWebDriver.java:582)
	at org.openqa.selenium.remote.RemoteWebDriver.startSession(RemoteWebDriver.java:216)
	at org.openqa.selenium.remote.RemoteWebDriver.&lt;init&gt;(RemoteWebDriver.java:136)
	at org.openqa.selenium.chromium.ChromiumDriver.&lt;init&gt;(ChromiumDriver.java:75)
	at org.openqa.selenium.chrome.ChromeDriver.&lt;init&gt;(ChromeDriver.java:163)
	at org.openqa.selenium.chrome.ChromeDriver.&lt;init&gt;(ChromeDriver.java:150)
	at org.openqa.selenium.chrome.ChromeDriver.&lt;init&gt;(ChromeDriver.java:139)
	at base.Base.setUp(Base.java:73)
... Removed 23 stack frames</div></td></tr></table><p class="totop"><a href="#summary">back to summary</a></p>
<h3 id="m5">Testsuit.importest#runScenario</h3><table class="result"><tr class="param"><th>Parameter #1</th><th>Parameter #2</th></tr><tr class="param stripe"><td>&quot;click on import&quot;</td><td>&quot;Optional[import data to lead]&quot;</td></tr><tr><th colspan="2">Exception</th></tr><tr><td colspan="2"><div class="stacktrace">org.openqa.selenium.InvalidArgumentException: invalid argument: entry 0 of &apos;firstMatch&apos; is invalid
from invalid argument: cannot parse capability: goog:chromeOptions
from invalid argument: unrecognized chrome option: credentials_enable_service
Build info: version: &apos;4.0.0-alpha-5&apos;, revision: &apos;b3a0d621cc&apos;
System info: host: &apos;DESKTOP-8G3MUB9&apos;, ip: &apos;192.168.0.105&apos;, os.name: &apos;Windows 10&apos;, os.arch: &apos;amd64&apos;, os.version: &apos;10.0&apos;, java.version: &apos;1.8.0_261&apos;
Driver info: driver.version: ChromeDriver
remote stacktrace: Backtrace:
	Ordinal0 [0x00452A33+2501171]
	Ordinal0 [0x003ED1C1+2085313]
	Ordinal0 [0x002F1FA8+1056680]
	Ordinal0 [0x003069D8+1141208]
	Ordinal0 [0x00309284+1151620]
	Ordinal0 [0x003035E2+1127906]
	Ordinal0 [0x00338A33+1346099]
	Ordinal0 [0x0033850F+1344783]
	Ordinal0 [0x00339785+1349509]
	Ordinal0 [0x0033960A+1349130]
	Ordinal0 [0x0033551B+1332507]
	Ordinal0 [0x00311D74+1187188]
	Ordinal0 [0x00312BD9+1190873]
	GetHandleVerifier [0x005CEFE6+1504438]
	GetHandleVerifier [0x0067DDA5+2220661]
	GetHandleVerifier [0x004D5589+481881]
	GetHandleVerifier [0x004D4639+477961]
	Ordinal0 [0x003F28BD+2107581]
	Ordinal0 [0x003F6728+2123560]
	Ordinal0 [0x003F6862+2123874]
	Ordinal0 [0x003FFA81+2161281]
	BaseThreadInitThunk [0x771D6359+25]
	RtlGetAppContainerNamedObjectPath [0x776A87A4+228]
	RtlGetAppContainerNamedObjectPath [0x776A8774+180]

	at org.openqa.selenium.remote.W3CHandshakeResponse.lambda$errorHandler$0(W3CHandshakeResponse.java:62)
	at org.openqa.selenium.remote.HandshakeResponse.lambda$getResponseFunction$0(HandshakeResponse.java:30)
	at org.openqa.selenium.remote.ProtocolHandshake.lambda$createSession$1(ProtocolHandshake.java:126)
	at java.util.stream.ReferencePipeline$3$1.accept(ReferencePipeline.java:193)
	at java.util.Spliterators$ArraySpliterator.tryAdvance(Spliterators.java:958)
	at java.util.stream.ReferencePipeline.forEachWithCancel(ReferencePipeline.java:126)
	at java.util.stream.AbstractPipeline.copyIntoWithCancel(AbstractPipeline.java:499)
	at java.util.stream.AbstractPipeline.copyInto(AbstractPipeline.java:486)
	at java.util.stream.AbstractPipeline.wrapAndCopyInto(AbstractPipeline.java:472)
	at java.util.stream.FindOps$FindOp.evaluateSequential(FindOps.java:152)
	at java.util.stream.AbstractPipeline.evaluate(AbstractPipeline.java:234)
	at java.util.stream.ReferencePipeline.findFirst(ReferencePipeline.java:464)
	at org.openqa.selenium.remote.ProtocolHandshake.createSession(ProtocolHandshake.java:128)
	at org.openqa.selenium.remote.ProtocolHandshake.createSession(ProtocolHandshake.java:75)
	at org.openqa.selenium.remote.HttpCommandExecutor.execute(HttpCommandExecutor.java:139)
	at org.openqa.selenium.remote.service.DriverCommandExecutor.execute(DriverCommandExecutor.java:83)
	at org.openqa.selenium.remote.RemoteWebDriver.execute(RemoteWebDriver.java:582)
	at org.openqa.selenium.remote.RemoteWebDriver.startSession(RemoteWebDriver.java:216)
	at org.openqa.selenium.remote.RemoteWebDriver.&lt;init&gt;(RemoteWebDriver.java:136)
	at org.openqa.selenium.chromium.ChromiumDriver.&lt;init&gt;(ChromiumDriver.java:75)
	at org.openqa.selenium.chrome.ChromeDriver.&lt;init&gt;(ChromeDriver.java:163)
	at org.openqa.selenium.chrome.ChromeDriver.&lt;init&gt;(ChromeDriver.java:150)
	at org.openqa.selenium.chrome.ChromeDriver.&lt;init&gt;(ChromeDriver.java:139)
	at base.Base.setUp(Base.java:73)
... Removed 23 stack frames</div></td></tr></table><p class="totop"><a href="#summary">back to summary</a></p>
<h3 id="m6">Testsuit.leadTest#runScenario</h3><table class="result"><tr class="param"><th>Parameter #1</th><th>Parameter #2</th></tr><tr class="param stripe"><td>&quot;convert lead to contact&quot;</td><td>&quot;Optional[Create new lead]&quot;</td></tr><tr><th colspan="2">Exception</th></tr><tr><td colspan="2"><div class="stacktrace">org.openqa.selenium.InvalidArgumentException: invalid argument: entry 0 of &apos;firstMatch&apos; is invalid
from invalid argument: cannot parse capability: goog:chromeOptions
from invalid argument: unrecognized chrome option: credentials_enable_service
Build info: version: &apos;4.0.0-alpha-5&apos;, revision: &apos;b3a0d621cc&apos;
System info: host: &apos;DESKTOP-8G3MUB9&apos;, ip: &apos;192.168.0.105&apos;, os.name: &apos;Windows 10&apos;, os.arch: &apos;amd64&apos;, os.version: &apos;10.0&apos;, java.version: &apos;1.8.0_261&apos;
Driver info: driver.version: ChromeDriver
remote stacktrace: Backtrace:
	Ordinal0 [0x00452A33+2501171]
	Ordinal0 [0x003ED1C1+2085313]
	Ordinal0 [0x002F1FA8+1056680]
	Ordinal0 [0x003069D8+1141208]
	Ordinal0 [0x00309284+1151620]
	Ordinal0 [0x003035E2+1127906]
	Ordinal0 [0x00338A33+1346099]
	Ordinal0 [0x0033850F+1344783]
	Ordinal0 [0x00339785+1349509]
	Ordinal0 [0x0033960A+1349130]
	Ordinal0 [0x0033551B+1332507]
	Ordinal0 [0x00311D74+1187188]
	Ordinal0 [0x00312BD9+1190873]
	GetHandleVerifier [0x005CEFE6+1504438]
	GetHandleVerifier [0x0067DDA5+2220661]
	GetHandleVerifier [0x004D5589+481881]
	GetHandleVerifier [0x004D4639+477961]
	Ordinal0 [0x003F28BD+2107581]
	Ordinal0 [0x003F6728+2123560]
	Ordinal0 [0x003F6862+2123874]
	Ordinal0 [0x003FFA81+2161281]
	BaseThreadInitThunk [0x771D6359+25]
	RtlGetAppContainerNamedObjectPath [0x776A87A4+228]
	RtlGetAppContainerNamedObjectPath [0x776A8774+180]

	at org.openqa.selenium.remote.W3CHandshakeResponse.lambda$errorHandler$0(W3CHandshakeResponse.java:62)
	at org.openqa.selenium.remote.HandshakeResponse.lambda$getResponseFunction$0(HandshakeResponse.java:30)
	at org.openqa.selenium.remote.ProtocolHandshake.lambda$createSession$1(ProtocolHandshake.java:126)
	at java.util.stream.ReferencePipeline$3$1.accept(ReferencePipeline.java:193)
	at java.util.Spliterators$ArraySpliterator.tryAdvance(Spliterators.java:958)
	at java.util.stream.ReferencePipeline.forEachWithCancel(ReferencePipeline.java:126)
	at java.util.stream.AbstractPipeline.copyIntoWithCancel(AbstractPipeline.java:499)
	at java.util.stream.AbstractPipeline.copyInto(AbstractPipeline.java:486)
	at java.util.stream.AbstractPipeline.wrapAndCopyInto(AbstractPipeline.java:472)
	at java.util.stream.FindOps$FindOp.evaluateSequential(FindOps.java:152)
	at java.util.stream.AbstractPipeline.evaluate(AbstractPipeline.java:234)
	at java.util.stream.ReferencePipeline.findFirst(ReferencePipeline.java:464)
	at org.openqa.selenium.remote.ProtocolHandshake.createSession(ProtocolHandshake.java:128)
	at org.openqa.selenium.remote.ProtocolHandshake.createSession(ProtocolHandshake.java:75)
	at org.openqa.selenium.remote.HttpCommandExecutor.execute(HttpCommandExecutor.java:139)
	at org.openqa.selenium.remote.service.DriverCommandExecutor.execute(DriverCommandExecutor.java:83)
	at org.openqa.selenium.remote.RemoteWebDriver.execute(RemoteWebDriver.java:582)
	at org.openqa.selenium.remote.RemoteWebDriver.startSession(RemoteWebDriver.java:216)
	at org.openqa.selenium.remote.RemoteWebDriver.&lt;init&gt;(RemoteWebDriver.java:136)
	at org.openqa.selenium.chromium.ChromiumDriver.&lt;init&gt;(ChromiumDriver.java:75)
	at org.openqa.selenium.chrome.ChromeDriver.&lt;init&gt;(ChromeDriver.java:163)
	at org.openqa.selenium.chrome.ChromeDriver.&lt;init&gt;(ChromeDriver.java:150)
	at org.openqa.selenium.chrome.ChromeDriver.&lt;init&gt;(ChromeDriver.java:139)
	at base.Base.setUp(Base.java:73)
... Removed 23 stack frames</div></td></tr></table><p class="totop"><a href="#summary">back to summary</a></p>
<h3 id="m7">Testsuit.leadTest#runScenario</h3><table class="result"><tr class="param"><th>Parameter #1</th><th>Parameter #2</th></tr><tr class="param stripe"><td>&quot;Edit the new lead form&quot;</td><td>&quot;Optional[Create new lead]&quot;</td></tr><tr><th colspan="2">Exception</th></tr><tr><td colspan="2"><div class="stacktrace">org.openqa.selenium.InvalidArgumentException: invalid argument: entry 0 of &apos;firstMatch&apos; is invalid
from invalid argument: cannot parse capability: goog:chromeOptions
from invalid argument: unrecognized chrome option: credentials_enable_service
Build info: version: &apos;4.0.0-alpha-5&apos;, revision: &apos;b3a0d621cc&apos;
System info: host: &apos;DESKTOP-8G3MUB9&apos;, ip: &apos;192.168.0.105&apos;, os.name: &apos;Windows 10&apos;, os.arch: &apos;amd64&apos;, os.version: &apos;10.0&apos;, java.version: &apos;1.8.0_261&apos;
Driver info: driver.version: ChromeDriver
remote stacktrace: Backtrace:
	Ordinal0 [0x00452A33+2501171]
	Ordinal0 [0x003ED1C1+2085313]
	Ordinal0 [0x002F1FA8+1056680]
	Ordinal0 [0x003069D8+1141208]
	Ordinal0 [0x00309284+1151620]
	Ordinal0 [0x003035E2+1127906]
	Ordinal0 [0x00338A33+1346099]
	Ordinal0 [0x0033850F+1344783]
	Ordinal0 [0x00339785+1349509]
	Ordinal0 [0x0033960A+1349130]
	Ordinal0 [0x0033551B+1332507]
	Ordinal0 [0x00311D74+1187188]
	Ordinal0 [0x00312BD9+1190873]
	GetHandleVerifier [0x005CEFE6+1504438]
	GetHandleVerifier [0x0067DDA5+2220661]
	GetHandleVerifier [0x004D5589+481881]
	GetHandleVerifier [0x004D4639+477961]
	Ordinal0 [0x003F28BD+2107581]
	Ordinal0 [0x003F6728+2123560]
	Ordinal0 [0x003F6862+2123874]
	Ordinal0 [0x003FFA81+2161281]
	BaseThreadInitThunk [0x771D6359+25]
	RtlGetAppContainerNamedObjectPath [0x776A87A4+228]
	RtlGetAppContainerNamedObjectPath [0x776A8774+180]

	at org.openqa.selenium.remote.W3CHandshakeResponse.lambda$errorHandler$0(W3CHandshakeResponse.java:62)
	at org.openqa.selenium.remote.HandshakeResponse.lambda$getResponseFunction$0(HandshakeResponse.java:30)
	at org.openqa.selenium.remote.ProtocolHandshake.lambda$createSession$1(ProtocolHandshake.java:126)
	at java.util.stream.ReferencePipeline$3$1.accept(ReferencePipeline.java:193)
	at java.util.Spliterators$ArraySpliterator.tryAdvance(Spliterators.java:958)
	at java.util.stream.ReferencePipeline.forEachWithCancel(ReferencePipeline.java:126)
	at java.util.stream.AbstractPipeline.copyIntoWithCancel(AbstractPipeline.java:499)
	at java.util.stream.AbstractPipeline.copyInto(AbstractPipeline.java:486)
	at java.util.stream.AbstractPipeline.wrapAndCopyInto(AbstractPipeline.java:472)
	at java.util.stream.FindOps$FindOp.evaluateSequential(FindOps.java:152)
	at java.util.stream.AbstractPipeline.evaluate(AbstractPipeline.java:234)
	at java.util.stream.ReferencePipeline.findFirst(ReferencePipeline.java:464)
	at org.openqa.selenium.remote.ProtocolHandshake.createSession(ProtocolHandshake.java:128)
	at org.openqa.selenium.remote.ProtocolHandshake.createSession(ProtocolHandshake.java:75)
	at org.openqa.selenium.remote.HttpCommandExecutor.execute(HttpCommandExecutor.java:139)
	at org.openqa.selenium.remote.service.DriverCommandExecutor.execute(DriverCommandExecutor.java:83)
	at org.openqa.selenium.remote.RemoteWebDriver.execute(RemoteWebDriver.java:582)
	at org.openqa.selenium.remote.RemoteWebDriver.startSession(RemoteWebDriver.java:216)
	at org.openqa.selenium.remote.RemoteWebDriver.&lt;init&gt;(RemoteWebDriver.java:136)
	at org.openqa.selenium.chromium.ChromiumDriver.&lt;init&gt;(ChromiumDriver.java:75)
	at org.openqa.selenium.chrome.ChromeDriver.&lt;init&gt;(ChromeDriver.java:163)
	at org.openqa.selenium.chrome.ChromeDriver.&lt;init&gt;(ChromeDriver.java:150)
	at org.openqa.selenium.chrome.ChromeDriver.&lt;init&gt;(ChromeDriver.java:139)
	at base.Base.setUp(Base.java:73)
... Removed 23 stack frames</div></td></tr></table><p class="totop"><a href="#summary">back to summary</a></p>
<h3 id="m8">Testsuit.leadTest#runScenario</h3><table class="result"><tr class="param"><th>Parameter #1</th><th>Parameter #2</th></tr><tr class="param stripe"><td>&quot;Fill the new lead&quot;</td><td>&quot;Optional[Create new lead]&quot;</td></tr><tr><th colspan="2">Exception</th></tr><tr><td colspan="2"><div class="stacktrace">org.openqa.selenium.InvalidArgumentException: invalid argument: entry 0 of &apos;firstMatch&apos; is invalid
from invalid argument: cannot parse capability: goog:chromeOptions
from invalid argument: unrecognized chrome option: credentials_enable_service
Build info: version: &apos;4.0.0-alpha-5&apos;, revision: &apos;b3a0d621cc&apos;
System info: host: &apos;DESKTOP-8G3MUB9&apos;, ip: &apos;192.168.0.105&apos;, os.name: &apos;Windows 10&apos;, os.arch: &apos;amd64&apos;, os.version: &apos;10.0&apos;, java.version: &apos;1.8.0_261&apos;
Driver info: driver.version: ChromeDriver
remote stacktrace: Backtrace:
	Ordinal0 [0x00452A33+2501171]
	Ordinal0 [0x003ED1C1+2085313]
	Ordinal0 [0x002F1FA8+1056680]
	Ordinal0 [0x003069D8+1141208]
	Ordinal0 [0x00309284+1151620]
	Ordinal0 [0x003035E2+1127906]
	Ordinal0 [0x00338A33+1346099]
	Ordinal0 [0x0033850F+1344783]
	Ordinal0 [0x00339785+1349509]
	Ordinal0 [0x0033960A+1349130]
	Ordinal0 [0x0033551B+1332507]
	Ordinal0 [0x00311D74+1187188]
	Ordinal0 [0x00312BD9+1190873]
	GetHandleVerifier [0x005CEFE6+1504438]
	GetHandleVerifier [0x0067DDA5+2220661]
	GetHandleVerifier [0x004D5589+481881]
	GetHandleVerifier [0x004D4639+477961]
	Ordinal0 [0x003F28BD+2107581]
	Ordinal0 [0x003F6728+2123560]
	Ordinal0 [0x003F6862+2123874]
	Ordinal0 [0x003FFA81+2161281]
	BaseThreadInitThunk [0x771D6359+25]
	RtlGetAppContainerNamedObjectPath [0x776A87A4+228]
	RtlGetAppContainerNamedObjectPath [0x776A8774+180]

	at org.openqa.selenium.remote.W3CHandshakeResponse.lambda$errorHandler$0(W3CHandshakeResponse.java:62)
	at org.openqa.selenium.remote.HandshakeResponse.lambda$getResponseFunction$0(HandshakeResponse.java:30)
	at org.openqa.selenium.remote.ProtocolHandshake.lambda$createSession$1(ProtocolHandshake.java:126)
	at java.util.stream.ReferencePipeline$3$1.accept(ReferencePipeline.java:193)
	at java.util.Spliterators$ArraySpliterator.tryAdvance(Spliterators.java:958)
	at java.util.stream.ReferencePipeline.forEachWithCancel(ReferencePipeline.java:126)
	at java.util.stream.AbstractPipeline.copyIntoWithCancel(AbstractPipeline.java:499)
	at java.util.stream.AbstractPipeline.copyInto(AbstractPipeline.java:486)
	at java.util.stream.AbstractPipeline.wrapAndCopyInto(AbstractPipeline.java:472)
	at java.util.stream.FindOps$FindOp.evaluateSequential(FindOps.java:152)
	at java.util.stream.AbstractPipeline.evaluate(AbstractPipeline.java:234)
	at java.util.stream.ReferencePipeline.findFirst(ReferencePipeline.java:464)
	at org.openqa.selenium.remote.ProtocolHandshake.createSession(ProtocolHandshake.java:128)
	at org.openqa.selenium.remote.ProtocolHandshake.createSession(ProtocolHandshake.java:75)
	at org.openqa.selenium.remote.HttpCommandExecutor.execute(HttpCommandExecutor.java:139)
	at org.openqa.selenium.remote.service.DriverCommandExecutor.execute(DriverCommandExecutor.java:83)
	at org.openqa.selenium.remote.RemoteWebDriver.execute(RemoteWebDriver.java:582)
	at org.openqa.selenium.remote.RemoteWebDriver.startSession(RemoteWebDriver.java:216)
	at org.openqa.selenium.remote.RemoteWebDriver.&lt;init&gt;(RemoteWebDriver.java:136)
	at org.openqa.selenium.chromium.ChromiumDriver.&lt;init&gt;(ChromiumDriver.java:75)
	at org.openqa.selenium.chrome.ChromeDriver.&lt;init&gt;(ChromeDriver.java:163)
	at org.openqa.selenium.chrome.ChromeDriver.&lt;init&gt;(ChromeDriver.java:150)
	at org.openqa.selenium.chrome.ChromeDriver.&lt;init&gt;(ChromeDriver.java:139)
	at base.Base.setUp(Base.java:73)
... Removed 23 stack frames</div></td></tr></table><p class="totop"><a href="#summary">back to summary</a></p>
<h3 id="m9">Testsuit.leadTest#runScenario</h3><table class="result"><tr class="param"><th>Parameter #1</th><th>Parameter #2</th></tr><tr class="param stripe"><td>&quot;Fill the new lead&quot;</td><td>&quot;Optional[Create new lead]&quot;</td></tr><tr><th colspan="2">Exception</th></tr><tr><td colspan="2"><div class="stacktrace">org.openqa.selenium.InvalidArgumentException: invalid argument: entry 0 of &apos;firstMatch&apos; is invalid
from invalid argument: cannot parse capability: goog:chromeOptions
from invalid argument: unrecognized chrome option: credentials_enable_service
Build info: version: &apos;4.0.0-alpha-5&apos;, revision: &apos;b3a0d621cc&apos;
System info: host: &apos;DESKTOP-8G3MUB9&apos;, ip: &apos;192.168.0.105&apos;, os.name: &apos;Windows 10&apos;, os.arch: &apos;amd64&apos;, os.version: &apos;10.0&apos;, java.version: &apos;1.8.0_261&apos;
Driver info: driver.version: ChromeDriver
remote stacktrace: Backtrace:
	Ordinal0 [0x00452A33+2501171]
	Ordinal0 [0x003ED1C1+2085313]
	Ordinal0 [0x002F1FA8+1056680]
	Ordinal0 [0x003069D8+1141208]
	Ordinal0 [0x00309284+1151620]
	Ordinal0 [0x003035E2+1127906]
	Ordinal0 [0x00338A33+1346099]
	Ordinal0 [0x0033850F+1344783]
	Ordinal0 [0x00339785+1349509]
	Ordinal0 [0x0033960A+1349130]
	Ordinal0 [0x0033551B+1332507]
	Ordinal0 [0x00311D74+1187188]
	Ordinal0 [0x00312BD9+1190873]
	GetHandleVerifier [0x005CEFE6+1504438]
	GetHandleVerifier [0x0067DDA5+2220661]
	GetHandleVerifier [0x004D5589+481881]
	GetHandleVerifier [0x004D4639+477961]
	Ordinal0 [0x003F28BD+2107581]
	Ordinal0 [0x003F6728+2123560]
	Ordinal0 [0x003F6862+2123874]
	Ordinal0 [0x003FFA81+2161281]
	BaseThreadInitThunk [0x771D6359+25]
	RtlGetAppContainerNamedObjectPath [0x776A87A4+228]
	RtlGetAppContainerNamedObjectPath [0x776A8774+180]

	at org.openqa.selenium.remote.W3CHandshakeResponse.lambda$errorHandler$0(W3CHandshakeResponse.java:62)
	at org.openqa.selenium.remote.HandshakeResponse.lambda$getResponseFunction$0(HandshakeResponse.java:30)
	at org.openqa.selenium.remote.ProtocolHandshake.lambda$createSession$1(ProtocolHandshake.java:126)
	at java.util.stream.ReferencePipeline$3$1.accept(ReferencePipeline.java:193)
	at java.util.Spliterators$ArraySpliterator.tryAdvance(Spliterators.java:958)
	at java.util.stream.ReferencePipeline.forEachWithCancel(ReferencePipeline.java:126)
	at java.util.stream.AbstractPipeline.copyIntoWithCancel(AbstractPipeline.java:499)
	at java.util.stream.AbstractPipeline.copyInto(AbstractPipeline.java:486)
	at java.util.stream.AbstractPipeline.wrapAndCopyInto(AbstractPipeline.java:472)
	at java.util.stream.FindOps$FindOp.evaluateSequential(FindOps.java:152)
	at java.util.stream.AbstractPipeline.evaluate(AbstractPipeline.java:234)
	at java.util.stream.ReferencePipeline.findFirst(ReferencePipeline.java:464)
	at org.openqa.selenium.remote.ProtocolHandshake.createSession(ProtocolHandshake.java:128)
	at org.openqa.selenium.remote.ProtocolHandshake.createSession(ProtocolHandshake.java:75)
	at org.openqa.selenium.remote.HttpCommandExecutor.execute(HttpCommandExecutor.java:139)
	at org.openqa.selenium.remote.service.DriverCommandExecutor.execute(DriverCommandExecutor.java:83)
	at org.openqa.selenium.remote.RemoteWebDriver.execute(RemoteWebDriver.java:582)
	at org.openqa.selenium.remote.RemoteWebDriver.startSession(RemoteWebDriver.java:216)
	at org.openqa.selenium.remote.RemoteWebDriver.&lt;init&gt;(RemoteWebDriver.java:136)
	at org.openqa.selenium.chromium.ChromiumDriver.&lt;init&gt;(ChromiumDriver.java:75)
	at org.openqa.selenium.chrome.ChromeDriver.&lt;init&gt;(ChromeDriver.java:163)
	at org.openqa.selenium.chrome.ChromeDriver.&lt;init&gt;(ChromeDriver.java:150)
	at org.openqa.selenium.chrome.ChromeDriver.&lt;init&gt;(ChromeDriver.java:139)
	at base.Base.setUp(Base.java:73)
... Removed 23 stack frames</div></td></tr></table><p class="totop"><a href="#summary">back to summary</a></p>
<h3 id="m10">Testsuit.leadTest#runScenario</h3><table class="result"><tr class="param"><th>Parameter #1</th><th>Parameter #2</th></tr><tr class="param stripe"><td>&quot;Check the new lead button&quot;</td><td>&quot;Optional[Create new lead]&quot;</td></tr><tr><th colspan="2">Exception</th></tr><tr><td colspan="2"><div class="stacktrace">org.openqa.selenium.InvalidArgumentException: invalid argument: entry 0 of &apos;firstMatch&apos; is invalid
from invalid argument: cannot parse capability: goog:chromeOptions
from invalid argument: unrecognized chrome option: credentials_enable_service
Build info: version: &apos;4.0.0-alpha-5&apos;, revision: &apos;b3a0d621cc&apos;
System info: host: &apos;DESKTOP-8G3MUB9&apos;, ip: &apos;192.168.0.105&apos;, os.name: &apos;Windows 10&apos;, os.arch: &apos;amd64&apos;, os.version: &apos;10.0&apos;, java.version: &apos;1.8.0_261&apos;
Driver info: driver.version: ChromeDriver
remote stacktrace: Backtrace:
	Ordinal0 [0x00452A33+2501171]
	Ordinal0 [0x003ED1C1+2085313]
	Ordinal0 [0x002F1FA8+1056680]
	Ordinal0 [0x003069D8+1141208]
	Ordinal0 [0x00309284+1151620]
	Ordinal0 [0x003035E2+1127906]
	Ordinal0 [0x00338A33+1346099]
	Ordinal0 [0x0033850F+1344783]
	Ordinal0 [0x00339785+1349509]
	Ordinal0 [0x0033960A+1349130]
	Ordinal0 [0x0033551B+1332507]
	Ordinal0 [0x00311D74+1187188]
	Ordinal0 [0x00312BD9+1190873]
	GetHandleVerifier [0x005CEFE6+1504438]
	GetHandleVerifier [0x0067DDA5+2220661]
	GetHandleVerifier [0x004D5589+481881]
	GetHandleVerifier [0x004D4639+477961]
	Ordinal0 [0x003F28BD+2107581]
	Ordinal0 [0x003F6728+2123560]
	Ordinal0 [0x003F6862+2123874]
	Ordinal0 [0x003FFA81+2161281]
	BaseThreadInitThunk [0x771D6359+25]
	RtlGetAppContainerNamedObjectPath [0x776A87A4+228]
	RtlGetAppContainerNamedObjectPath [0x776A8774+180]

	at org.openqa.selenium.remote.W3CHandshakeResponse.lambda$errorHandler$0(W3CHandshakeResponse.java:62)
	at org.openqa.selenium.remote.HandshakeResponse.lambda$getResponseFunction$0(HandshakeResponse.java:30)
	at org.openqa.selenium.remote.ProtocolHandshake.lambda$createSession$1(ProtocolHandshake.java:126)
	at java.util.stream.ReferencePipeline$3$1.accept(ReferencePipeline.java:193)
	at java.util.Spliterators$ArraySpliterator.tryAdvance(Spliterators.java:958)
	at java.util.stream.ReferencePipeline.forEachWithCancel(ReferencePipeline.java:126)
	at java.util.stream.AbstractPipeline.copyIntoWithCancel(AbstractPipeline.java:499)
	at java.util.stream.AbstractPipeline.copyInto(AbstractPipeline.java:486)
	at java.util.stream.AbstractPipeline.wrapAndCopyInto(AbstractPipeline.java:472)
	at java.util.stream.FindOps$FindOp.evaluateSequential(FindOps.java:152)
	at java.util.stream.AbstractPipeline.evaluate(AbstractPipeline.java:234)
	at java.util.stream.ReferencePipeline.findFirst(ReferencePipeline.java:464)
	at org.openqa.selenium.remote.ProtocolHandshake.createSession(ProtocolHandshake.java:128)
	at org.openqa.selenium.remote.ProtocolHandshake.createSession(ProtocolHandshake.java:75)
	at org.openqa.selenium.remote.HttpCommandExecutor.execute(HttpCommandExecutor.java:139)
	at org.openqa.selenium.remote.service.DriverCommandExecutor.execute(DriverCommandExecutor.java:83)
	at org.openqa.selenium.remote.RemoteWebDriver.execute(RemoteWebDriver.java:582)
	at org.openqa.selenium.remote.RemoteWebDriver.startSession(RemoteWebDriver.java:216)
	at org.openqa.selenium.remote.RemoteWebDriver.&lt;init&gt;(RemoteWebDriver.java:136)
	at org.openqa.selenium.chromium.ChromiumDriver.&lt;init&gt;(ChromiumDriver.java:75)
	at org.openqa.selenium.chrome.ChromeDriver.&lt;init&gt;(ChromeDriver.java:163)
	at org.openqa.selenium.chrome.ChromeDriver.&lt;init&gt;(ChromeDriver.java:150)
	at org.openqa.selenium.chrome.ChromeDriver.&lt;init&gt;(ChromeDriver.java:139)
	at base.Base.setUp(Base.java:73)
... Removed 23 stack frames</div></td></tr></table><p class="totop"><a href="#summary">back to summary</a></p>
<h3 id="m11">Testsuit.leadTest#runScenario</h3><table class="result"><tr class="param"><th>Parameter #1</th><th>Parameter #2</th></tr><tr class="param stripe"><td>&quot;Fill the edit form&quot;</td><td>&quot;Optional[Create new lead]&quot;</td></tr><tr><th colspan="2">Exception</th></tr><tr><td colspan="2"><div class="stacktrace">org.openqa.selenium.InvalidArgumentException: invalid argument: entry 0 of &apos;firstMatch&apos; is invalid
from invalid argument: cannot parse capability: goog:chromeOptions
from invalid argument: unrecognized chrome option: credentials_enable_service
Build info: version: &apos;4.0.0-alpha-5&apos;, revision: &apos;b3a0d621cc&apos;
System info: host: &apos;DESKTOP-8G3MUB9&apos;, ip: &apos;192.168.0.105&apos;, os.name: &apos;Windows 10&apos;, os.arch: &apos;amd64&apos;, os.version: &apos;10.0&apos;, java.version: &apos;1.8.0_261&apos;
Driver info: driver.version: ChromeDriver
remote stacktrace: Backtrace:
	Ordinal0 [0x00452A33+2501171]
	Ordinal0 [0x003ED1C1+2085313]
	Ordinal0 [0x002F1FA8+1056680]
	Ordinal0 [0x003069D8+1141208]
	Ordinal0 [0x00309284+1151620]
	Ordinal0 [0x003035E2+1127906]
	Ordinal0 [0x00338A33+1346099]
	Ordinal0 [0x0033850F+1344783]
	Ordinal0 [0x00339785+1349509]
	Ordinal0 [0x0033960A+1349130]
	Ordinal0 [0x0033551B+1332507]
	Ordinal0 [0x00311D74+1187188]
	Ordinal0 [0x00312BD9+1190873]
	GetHandleVerifier [0x005CEFE6+1504438]
	GetHandleVerifier [0x0067DDA5+2220661]
	GetHandleVerifier [0x004D5589+481881]
	GetHandleVerifier [0x004D4639+477961]
	Ordinal0 [0x003F28BD+2107581]
	Ordinal0 [0x003F6728+2123560]
	Ordinal0 [0x003F6862+2123874]
	Ordinal0 [0x003FFA81+2161281]
	BaseThreadInitThunk [0x771D6359+25]
	RtlGetAppContainerNamedObjectPath [0x776A87A4+228]
	RtlGetAppContainerNamedObjectPath [0x776A8774+180]

	at org.openqa.selenium.remote.W3CHandshakeResponse.lambda$errorHandler$0(W3CHandshakeResponse.java:62)
	at org.openqa.selenium.remote.HandshakeResponse.lambda$getResponseFunction$0(HandshakeResponse.java:30)
	at org.openqa.selenium.remote.ProtocolHandshake.lambda$createSession$1(ProtocolHandshake.java:126)
	at java.util.stream.ReferencePipeline$3$1.accept(ReferencePipeline.java:193)
	at java.util.Spliterators$ArraySpliterator.tryAdvance(Spliterators.java:958)
	at java.util.stream.ReferencePipeline.forEachWithCancel(ReferencePipeline.java:126)
	at java.util.stream.AbstractPipeline.copyIntoWithCancel(AbstractPipeline.java:499)
	at java.util.stream.AbstractPipeline.copyInto(AbstractPipeline.java:486)
	at java.util.stream.AbstractPipeline.wrapAndCopyInto(AbstractPipeline.java:472)
	at java.util.stream.FindOps$FindOp.evaluateSequential(FindOps.java:152)
	at java.util.stream.AbstractPipeline.evaluate(AbstractPipeline.java:234)
	at java.util.stream.ReferencePipeline.findFirst(ReferencePipeline.java:464)
	at org.openqa.selenium.remote.ProtocolHandshake.createSession(ProtocolHandshake.java:128)
	at org.openqa.selenium.remote.ProtocolHandshake.createSession(ProtocolHandshake.java:75)
	at org.openqa.selenium.remote.HttpCommandExecutor.execute(HttpCommandExecutor.java:139)
	at org.openqa.selenium.remote.service.DriverCommandExecutor.execute(DriverCommandExecutor.java:83)
	at org.openqa.selenium.remote.RemoteWebDriver.execute(RemoteWebDriver.java:582)
	at org.openqa.selenium.remote.RemoteWebDriver.startSession(RemoteWebDriver.java:216)
	at org.openqa.selenium.remote.RemoteWebDriver.&lt;init&gt;(RemoteWebDriver.java:136)
	at org.openqa.selenium.chromium.ChromiumDriver.&lt;init&gt;(ChromiumDriver.java:75)
	at org.openqa.selenium.chrome.ChromeDriver.&lt;init&gt;(ChromeDriver.java:163)
	at org.openqa.selenium.chrome.ChromeDriver.&lt;init&gt;(ChromeDriver.java:150)
	at org.openqa.selenium.chrome.ChromeDriver.&lt;init&gt;(ChromeDriver.java:139)
	at base.Base.setUp(Base.java:73)
... Removed 23 stack frames</div></td></tr></table><p class="totop"><a href="#summary">back to summary</a></p>
<h3 id="m12">Testsuit.webtoleadformtest#runScenario</h3><table class="result"><tr class="param"><th>Parameter #1</th><th>Parameter #2</th></tr><tr class="param stripe"><td>&quot;add values to webtoleadform&quot;</td><td>&quot;Optional[webtoLead form]&quot;</td></tr><tr><th colspan="2">Exception</th></tr><tr><td colspan="2"><div class="stacktrace">org.openqa.selenium.InvalidArgumentException: invalid argument: entry 0 of &apos;firstMatch&apos; is invalid
from invalid argument: cannot parse capability: goog:chromeOptions
from invalid argument: unrecognized chrome option: credentials_enable_service
Build info: version: &apos;4.0.0-alpha-5&apos;, revision: &apos;b3a0d621cc&apos;
System info: host: &apos;DESKTOP-8G3MUB9&apos;, ip: &apos;192.168.0.105&apos;, os.name: &apos;Windows 10&apos;, os.arch: &apos;amd64&apos;, os.version: &apos;10.0&apos;, java.version: &apos;1.8.0_261&apos;
Driver info: driver.version: ChromeDriver
remote stacktrace: Backtrace:
	Ordinal0 [0x00452A33+2501171]
	Ordinal0 [0x003ED1C1+2085313]
	Ordinal0 [0x002F1FA8+1056680]
	Ordinal0 [0x003069D8+1141208]
	Ordinal0 [0x00309284+1151620]
	Ordinal0 [0x003035E2+1127906]
	Ordinal0 [0x00338A33+1346099]
	Ordinal0 [0x0033850F+1344783]
	Ordinal0 [0x00339785+1349509]
	Ordinal0 [0x0033960A+1349130]
	Ordinal0 [0x0033551B+1332507]
	Ordinal0 [0x00311D74+1187188]
	Ordinal0 [0x00312BD9+1190873]
	GetHandleVerifier [0x005CEFE6+1504438]
	GetHandleVerifier [0x0067DDA5+2220661]
	GetHandleVerifier [0x004D5589+481881]
	GetHandleVerifier [0x004D4639+477961]
	Ordinal0 [0x003F28BD+2107581]
	Ordinal0 [0x003F6728+2123560]
	Ordinal0 [0x003F6862+2123874]
	Ordinal0 [0x003FFA81+2161281]
	BaseThreadInitThunk [0x771D6359+25]
	RtlGetAppContainerNamedObjectPath [0x776A87A4+228]
	RtlGetAppContainerNamedObjectPath [0x776A8774+180]

	at org.openqa.selenium.remote.W3CHandshakeResponse.lambda$errorHandler$0(W3CHandshakeResponse.java:62)
	at org.openqa.selenium.remote.HandshakeResponse.lambda$getResponseFunction$0(HandshakeResponse.java:30)
	at org.openqa.selenium.remote.ProtocolHandshake.lambda$createSession$1(ProtocolHandshake.java:126)
	at java.util.stream.ReferencePipeline$3$1.accept(ReferencePipeline.java:193)
	at java.util.Spliterators$ArraySpliterator.tryAdvance(Spliterators.java:958)
	at java.util.stream.ReferencePipeline.forEachWithCancel(ReferencePipeline.java:126)
	at java.util.stream.AbstractPipeline.copyIntoWithCancel(AbstractPipeline.java:499)
	at java.util.stream.AbstractPipeline.copyInto(AbstractPipeline.java:486)
	at java.util.stream.AbstractPipeline.wrapAndCopyInto(AbstractPipeline.java:472)
	at java.util.stream.FindOps$FindOp.evaluateSequential(FindOps.java:152)
	at java.util.stream.AbstractPipeline.evaluate(AbstractPipeline.java:234)
	at java.util.stream.ReferencePipeline.findFirst(ReferencePipeline.java:464)
	at org.openqa.selenium.remote.ProtocolHandshake.createSession(ProtocolHandshake.java:128)
	at org.openqa.selenium.remote.ProtocolHandshake.createSession(ProtocolHandshake.java:75)
	at org.openqa.selenium.remote.HttpCommandExecutor.execute(HttpCommandExecutor.java:139)
	at org.openqa.selenium.remote.service.DriverCommandExecutor.execute(DriverCommandExecutor.java:83)
	at org.openqa.selenium.remote.RemoteWebDriver.execute(RemoteWebDriver.java:582)
	at org.openqa.selenium.remote.RemoteWebDriver.startSession(RemoteWebDriver.java:216)
	at org.openqa.selenium.remote.RemoteWebDriver.&lt;init&gt;(RemoteWebDriver.java:136)
	at org.openqa.selenium.chromium.ChromiumDriver.&lt;init&gt;(ChromiumDriver.java:75)
	at org.openqa.selenium.chrome.ChromeDriver.&lt;init&gt;(ChromeDriver.java:163)
	at org.openqa.selenium.chrome.ChromeDriver.&lt;init&gt;(ChromeDriver.java:150)
	at org.openqa.selenium.chrome.ChromeDriver.&lt;init&gt;(ChromeDriver.java:139)
	at base.Base.setUp(Base.java:73)
... Removed 23 stack frames</div></td></tr></table><p class="totop"><a href="#summary">back to summary</a></p>
</body>
</html>
