<?xml version="1.0" encoding="UTF-8"?>
<testng-results skipped="11" failed="0" ignored="0" total="11" passed="0">
  <reporter-output>
  </reporter-output>
  <suite name="Suite" duration-ms="1866" started-at="2021-08-06T11:29:32 IST" finished-at="2021-08-06T11:29:34 IST">
    <groups>
      <group name="cucumber">
        <method signature="AbstractTestNGCucumberTests.runScenario(io.cucumber.testng.PickleWrapper,io.cucumber.testng.FeatureWrapper)[pri:0, instance:Testsuit.LoginTest@33b37288]" name="runScenario" class="io.cucumber.testng.AbstractTestNGCucumberTests"/>
        <method signature="AbstractTestNGCucumberTests.runScenario(io.cucumber.testng.PickleWrapper,io.cucumber.testng.FeatureWrapper)[pri:0, instance:Testsuit.dropdowntest@46238e3f]" name="runScenario" class="io.cucumber.testng.AbstractTestNGCucumberTests"/>
        <method signature="AbstractTestNGCucumberTests.runScenario(io.cucumber.testng.PickleWrapper,io.cucumber.testng.FeatureWrapper)[pri:0, instance:Testsuit.importest@7181ae3f]" name="runScenario" class="io.cucumber.testng.AbstractTestNGCucumberTests"/>
        <method signature="AbstractTestNGCucumberTests.runScenario(io.cucumber.testng.PickleWrapper,io.cucumber.testng.FeatureWrapper)[pri:0, instance:Testsuit.leadTest@77a57272]" name="runScenario" class="io.cucumber.testng.AbstractTestNGCucumberTests"/>
        <method signature="AbstractTestNGCucumberTests.runScenario(io.cucumber.testng.PickleWrapper,io.cucumber.testng.FeatureWrapper)[pri:0, instance:Testsuit.webtoleadformtest@6e2c9341]" name="runScenario" class="io.cucumber.testng.AbstractTestNGCucumberTests"/>
      </group> <!-- cucumber -->
    </groups>
    <test name="Test" duration-ms="1866" started-at="2021-08-06T11:29:32 IST" finished-at="2021-08-06T11:29:34 IST">
      <class name="Testsuit.dropdowntest">
        <test-method status="PASS" signature="setUpClass()[pri:0, instance:Testsuit.dropdowntest@46238e3f]" name="setUpClass" is-config="true" duration-ms="75" started-at="2021-08-06T11:29:34 IST" finished-at="2021-08-06T11:29:34 IST">
          <reporter-output>
          </reporter-output>
        </test-method> <!-- setUpClass -->
        <test-method status="SKIP" signature="runScenario(io.cucumber.testng.PickleWrapper,io.cucumber.testng.FeatureWrapper)[pri:0, instance:Testsuit.dropdowntest@46238e3f]" name="runScenario" duration-ms="0" started-at="2021-08-06T11:29:34 IST" description="Runs Cucumber Scenarios" data-provider="scenarios" finished-at="2021-08-06T11:29:34 IST">
          <params>
            <param index="0">
              <value>
                <![CDATA["Navigate to Industry dropdown"]]>
              </value>
            </param>
            <param index="1">
              <value>
                <![CDATA["Optional[validate dropdownvalues of Industries]"]]>
              </value>
            </param>
          </params>
          <exception class="org.openqa.selenium.InvalidArgumentException">
            <message>
              <![CDATA[invalid argument: entry 0 of 'firstMatch' is invalid
from invalid argument: cannot parse capability: goog:chromeOptions
from invalid argument: unrecognized chrome option: credentials_enable_service
Build info: version: '4.0.0-alpha-5', revision: 'b3a0d621cc'
System info: host: 'DESKTOP-8G3MUB9', ip: '192.168.0.105', os.name: 'Windows 10', os.arch: 'amd64', os.version: '10.0', java.version: '1.8.0_261'
Driver info: driver.version: ChromeDriver
remote stacktrace: Backtrace:
Ordinal0 [0x00452A33+2501171]
Ordinal0 [0x003ED1C1+2085313]
Ordinal0 [0x002F1FA8+1056680]
Ordinal0 [0x003069D8+1141208]
Ordinal0 [0x00309284+1151620]
Ordinal0 [0x003035E2+1127906]
Ordinal0 [0x00338A33+1346099]
Ordinal0 [0x0033850F+1344783]
Ordinal0 [0x00339785+1349509]
Ordinal0 [0x0033960A+1349130]
Ordinal0 [0x0033551B+1332507]
Ordinal0 [0x00311D74+1187188]
Ordinal0 [0x00312BD9+1190873]
GetHandleVerifier [0x005CEFE6+1504438]
GetHandleVerifier [0x0067DDA5+2220661]
GetHandleVerifier [0x004D5589+481881]
GetHandleVerifier [0x004D4639+477961]
Ordinal0 [0x003F28BD+2107581]
Ordinal0 [0x003F6728+2123560]
Ordinal0 [0x003F6862+2123874]
Ordinal0 [0x003FFA81+2161281]
BaseThreadInitThunk [0x771D6359+25]
RtlGetAppContainerNamedObjectPath [0x776A87A4+228]
RtlGetAppContainerNamedObjectPath [0x776A8774+180]
]]>
            </message>
            <full-stacktrace>
              <![CDATA[org.openqa.selenium.InvalidArgumentException: invalid argument: entry 0 of 'firstMatch' is invalid
from invalid argument: cannot parse capability: goog:chromeOptions
from invalid argument: unrecognized chrome option: credentials_enable_service
Build info: version: '4.0.0-alpha-5', revision: 'b3a0d621cc'
System info: host: 'DESKTOP-8G3MUB9', ip: '192.168.0.105', os.name: 'Windows 10', os.arch: 'amd64', os.version: '10.0', java.version: '1.8.0_261'
Driver info: driver.version: ChromeDriver
remote stacktrace: Backtrace:
Ordinal0 [0x00452A33+2501171]
Ordinal0 [0x003ED1C1+2085313]
Ordinal0 [0x002F1FA8+1056680]
Ordinal0 [0x003069D8+1141208]
Ordinal0 [0x00309284+1151620]
Ordinal0 [0x003035E2+1127906]
Ordinal0 [0x00338A33+1346099]
Ordinal0 [0x0033850F+1344783]
Ordinal0 [0x00339785+1349509]
Ordinal0 [0x0033960A+1349130]
Ordinal0 [0x0033551B+1332507]
Ordinal0 [0x00311D74+1187188]
Ordinal0 [0x00312BD9+1190873]
GetHandleVerifier [0x005CEFE6+1504438]
GetHandleVerifier [0x0067DDA5+2220661]
GetHandleVerifier [0x004D5589+481881]
GetHandleVerifier [0x004D4639+477961]
Ordinal0 [0x003F28BD+2107581]
Ordinal0 [0x003F6728+2123560]
Ordinal0 [0x003F6862+2123874]
Ordinal0 [0x003FFA81+2161281]
BaseThreadInitThunk [0x771D6359+25]
RtlGetAppContainerNamedObjectPath [0x776A87A4+228]
RtlGetAppContainerNamedObjectPath [0x776A8774+180]

at sun.reflect.NativeConstructorAccessorImpl.newInstance0(Native Method)
at sun.reflect.NativeConstructorAccessorImpl.newInstance(NativeConstructorAccessorImpl.java:62)
at sun.reflect.DelegatingConstructorAccessorImpl.newInstance(DelegatingConstructorAccessorImpl.java:45)
at java.lang.reflect.Constructor.newInstance(Constructor.java:423)
at org.openqa.selenium.remote.W3CHandshakeResponse.lambda$errorHandler$0(W3CHandshakeResponse.java:62)
at org.openqa.selenium.remote.HandshakeResponse.lambda$getResponseFunction$0(HandshakeResponse.java:30)
at org.openqa.selenium.remote.ProtocolHandshake.lambda$createSession$1(ProtocolHandshake.java:126)
at java.util.stream.ReferencePipeline$3$1.accept(ReferencePipeline.java:193)
at java.util.Spliterators$ArraySpliterator.tryAdvance(Spliterators.java:958)
at java.util.stream.ReferencePipeline.forEachWithCancel(ReferencePipeline.java:126)
at java.util.stream.AbstractPipeline.copyIntoWithCancel(AbstractPipeline.java:499)
at java.util.stream.AbstractPipeline.copyInto(AbstractPipeline.java:486)
at java.util.stream.AbstractPipeline.wrapAndCopyInto(AbstractPipeline.java:472)
at java.util.stream.FindOps$FindOp.evaluateSequential(FindOps.java:152)
at java.util.stream.AbstractPipeline.evaluate(AbstractPipeline.java:234)
at java.util.stream.ReferencePipeline.findFirst(ReferencePipeline.java:464)
at org.openqa.selenium.remote.ProtocolHandshake.createSession(ProtocolHandshake.java:128)
at org.openqa.selenium.remote.ProtocolHandshake.createSession(ProtocolHandshake.java:75)
at org.openqa.selenium.remote.HttpCommandExecutor.execute(HttpCommandExecutor.java:139)
at org.openqa.selenium.remote.service.DriverCommandExecutor.execute(DriverCommandExecutor.java:83)
at org.openqa.selenium.remote.RemoteWebDriver.execute(RemoteWebDriver.java:582)
at org.openqa.selenium.remote.RemoteWebDriver.startSession(RemoteWebDriver.java:216)
at org.openqa.selenium.remote.RemoteWebDriver.<init>(RemoteWebDriver.java:136)
at org.openqa.selenium.chromium.ChromiumDriver.<init>(ChromiumDriver.java:75)
at org.openqa.selenium.chrome.ChromeDriver.<init>(ChromeDriver.java:163)
at org.openqa.selenium.chrome.ChromeDriver.<init>(ChromeDriver.java:150)
at org.openqa.selenium.chrome.ChromeDriver.<init>(ChromeDriver.java:139)
at base.Base.setUp(Base.java:73)
at sun.reflect.NativeMethodAccessorImpl.invoke0(Native Method)
at sun.reflect.NativeMethodAccessorImpl.invoke(NativeMethodAccessorImpl.java:62)
at sun.reflect.DelegatingMethodAccessorImpl.invoke(DelegatingMethodAccessorImpl.java:43)
at java.lang.reflect.Method.invoke(Method.java:498)
at org.testng.internal.MethodInvocationHelper.invokeMethod(MethodInvocationHelper.java:133)
at org.testng.internal.MethodInvocationHelper.invokeMethodConsideringTimeout(MethodInvocationHelper.java:62)
at org.testng.internal.ConfigInvoker.invokeConfigurationMethod(ConfigInvoker.java:385)
at org.testng.internal.ConfigInvoker.invokeConfigurations(ConfigInvoker.java:321)
at org.testng.SuiteRunner.privateRun(SuiteRunner.java:317)
at org.testng.SuiteRunner.run(SuiteRunner.java:276)
at org.testng.SuiteRunnerWorker.runSuite(SuiteRunnerWorker.java:53)
at org.testng.SuiteRunnerWorker.run(SuiteRunnerWorker.java:96)
at org.testng.TestNG.runSuitesSequentially(TestNG.java:1212)
at org.testng.TestNG.runSuitesLocally(TestNG.java:1134)
at org.testng.TestNG.runSuites(TestNG.java:1063)
at org.testng.TestNG.run(TestNG.java:1031)
at org.testng.remote.AbstractRemoteTestNG.run(AbstractRemoteTestNG.java:115)
at org.testng.remote.RemoteTestNG.initAndRun(RemoteTestNG.java:251)
at org.testng.remote.RemoteTestNG.main(RemoteTestNG.java:77)
]]>
            </full-stacktrace>
          </exception> <!-- org.openqa.selenium.InvalidArgumentException -->
          <reporter-output>
          </reporter-output>
        </test-method> <!-- runScenario -->
        <test-method status="SKIP" signature="runScenario(io.cucumber.testng.PickleWrapper,io.cucumber.testng.FeatureWrapper)[pri:0, instance:Testsuit.dropdowntest@46238e3f]" name="runScenario" duration-ms="0" started-at="2021-08-06T11:29:34 IST" description="Runs Cucumber Scenarios" data-provider="scenarios" finished-at="2021-08-06T11:29:34 IST">
          <params>
            <param index="0">
              <value>
                <![CDATA["Navigate to Leadsource"]]>
              </value>
            </param>
            <param index="1">
              <value>
                <![CDATA["Optional[validate dropdownvalues of Industries]"]]>
              </value>
            </param>
          </params>
          <exception class="org.openqa.selenium.InvalidArgumentException">
            <message>
              <![CDATA[invalid argument: entry 0 of 'firstMatch' is invalid
from invalid argument: cannot parse capability: goog:chromeOptions
from invalid argument: unrecognized chrome option: credentials_enable_service
Build info: version: '4.0.0-alpha-5', revision: 'b3a0d621cc'
System info: host: 'DESKTOP-8G3MUB9', ip: '192.168.0.105', os.name: 'Windows 10', os.arch: 'amd64', os.version: '10.0', java.version: '1.8.0_261'
Driver info: driver.version: ChromeDriver
remote stacktrace: Backtrace:
Ordinal0 [0x00452A33+2501171]
Ordinal0 [0x003ED1C1+2085313]
Ordinal0 [0x002F1FA8+1056680]
Ordinal0 [0x003069D8+1141208]
Ordinal0 [0x00309284+1151620]
Ordinal0 [0x003035E2+1127906]
Ordinal0 [0x00338A33+1346099]
Ordinal0 [0x0033850F+1344783]
Ordinal0 [0x00339785+1349509]
Ordinal0 [0x0033960A+1349130]
Ordinal0 [0x0033551B+1332507]
Ordinal0 [0x00311D74+1187188]
Ordinal0 [0x00312BD9+1190873]
GetHandleVerifier [0x005CEFE6+1504438]
GetHandleVerifier [0x0067DDA5+2220661]
GetHandleVerifier [0x004D5589+481881]
GetHandleVerifier [0x004D4639+477961]
Ordinal0 [0x003F28BD+2107581]
Ordinal0 [0x003F6728+2123560]
Ordinal0 [0x003F6862+2123874]
Ordinal0 [0x003FFA81+2161281]
BaseThreadInitThunk [0x771D6359+25]
RtlGetAppContainerNamedObjectPath [0x776A87A4+228]
RtlGetAppContainerNamedObjectPath [0x776A8774+180]
]]>
            </message>
            <full-stacktrace>
              <![CDATA[org.openqa.selenium.InvalidArgumentException: invalid argument: entry 0 of 'firstMatch' is invalid
from invalid argument: cannot parse capability: goog:chromeOptions
from invalid argument: unrecognized chrome option: credentials_enable_service
Build info: version: '4.0.0-alpha-5', revision: 'b3a0d621cc'
System info: host: 'DESKTOP-8G3MUB9', ip: '192.168.0.105', os.name: 'Windows 10', os.arch: 'amd64', os.version: '10.0', java.version: '1.8.0_261'
Driver info: driver.version: ChromeDriver
remote stacktrace: Backtrace:
Ordinal0 [0x00452A33+2501171]
Ordinal0 [0x003ED1C1+2085313]
Ordinal0 [0x002F1FA8+1056680]
Ordinal0 [0x003069D8+1141208]
Ordinal0 [0x00309284+1151620]
Ordinal0 [0x003035E2+1127906]
Ordinal0 [0x00338A33+1346099]
Ordinal0 [0x0033850F+1344783]
Ordinal0 [0x00339785+1349509]
Ordinal0 [0x0033960A+1349130]
Ordinal0 [0x0033551B+1332507]
Ordinal0 [0x00311D74+1187188]
Ordinal0 [0x00312BD9+1190873]
GetHandleVerifier [0x005CEFE6+1504438]
GetHandleVerifier [0x0067DDA5+2220661]
GetHandleVerifier [0x004D5589+481881]
GetHandleVerifier [0x004D4639+477961]
Ordinal0 [0x003F28BD+2107581]
Ordinal0 [0x003F6728+2123560]
Ordinal0 [0x003F6862+2123874]
Ordinal0 [0x003FFA81+2161281]
BaseThreadInitThunk [0x771D6359+25]
RtlGetAppContainerNamedObjectPath [0x776A87A4+228]
RtlGetAppContainerNamedObjectPath [0x776A8774+180]

at sun.reflect.NativeConstructorAccessorImpl.newInstance0(Native Method)
at sun.reflect.NativeConstructorAccessorImpl.newInstance(NativeConstructorAccessorImpl.java:62)
at sun.reflect.DelegatingConstructorAccessorImpl.newInstance(DelegatingConstructorAccessorImpl.java:45)
at java.lang.reflect.Constructor.newInstance(Constructor.java:423)
at org.openqa.selenium.remote.W3CHandshakeResponse.lambda$errorHandler$0(W3CHandshakeResponse.java:62)
at org.openqa.selenium.remote.HandshakeResponse.lambda$getResponseFunction$0(HandshakeResponse.java:30)
at org.openqa.selenium.remote.ProtocolHandshake.lambda$createSession$1(ProtocolHandshake.java:126)
at java.util.stream.ReferencePipeline$3$1.accept(ReferencePipeline.java:193)
at java.util.Spliterators$ArraySpliterator.tryAdvance(Spliterators.java:958)
at java.util.stream.ReferencePipeline.forEachWithCancel(ReferencePipeline.java:126)
at java.util.stream.AbstractPipeline.copyIntoWithCancel(AbstractPipeline.java:499)
at java.util.stream.AbstractPipeline.copyInto(AbstractPipeline.java:486)
at java.util.stream.AbstractPipeline.wrapAndCopyInto(AbstractPipeline.java:472)
at java.util.stream.FindOps$FindOp.evaluateSequential(FindOps.java:152)
at java.util.stream.AbstractPipeline.evaluate(AbstractPipeline.java:234)
at java.util.stream.ReferencePipeline.findFirst(ReferencePipeline.java:464)
at org.openqa.selenium.remote.ProtocolHandshake.createSession(ProtocolHandshake.java:128)
at org.openqa.selenium.remote.ProtocolHandshake.createSession(ProtocolHandshake.java:75)
at org.openqa.selenium.remote.HttpCommandExecutor.execute(HttpCommandExecutor.java:139)
at org.openqa.selenium.remote.service.DriverCommandExecutor.execute(DriverCommandExecutor.java:83)
at org.openqa.selenium.remote.RemoteWebDriver.execute(RemoteWebDriver.java:582)
at org.openqa.selenium.remote.RemoteWebDriver.startSession(RemoteWebDriver.java:216)
at org.openqa.selenium.remote.RemoteWebDriver.<init>(RemoteWebDriver.java:136)
at org.openqa.selenium.chromium.ChromiumDriver.<init>(ChromiumDriver.java:75)
at org.openqa.selenium.chrome.ChromeDriver.<init>(ChromeDriver.java:163)
at org.openqa.selenium.chrome.ChromeDriver.<init>(ChromeDriver.java:150)
at org.openqa.selenium.chrome.ChromeDriver.<init>(ChromeDriver.java:139)
at base.Base.setUp(Base.java:73)
at sun.reflect.NativeMethodAccessorImpl.invoke0(Native Method)
at sun.reflect.NativeMethodAccessorImpl.invoke(NativeMethodAccessorImpl.java:62)
at sun.reflect.DelegatingMethodAccessorImpl.invoke(DelegatingMethodAccessorImpl.java:43)
at java.lang.reflect.Method.invoke(Method.java:498)
at org.testng.internal.MethodInvocationHelper.invokeMethod(MethodInvocationHelper.java:133)
at org.testng.internal.MethodInvocationHelper.invokeMethodConsideringTimeout(MethodInvocationHelper.java:62)
at org.testng.internal.ConfigInvoker.invokeConfigurationMethod(ConfigInvoker.java:385)
at org.testng.internal.ConfigInvoker.invokeConfigurations(ConfigInvoker.java:321)
at org.testng.SuiteRunner.privateRun(SuiteRunner.java:317)
at org.testng.SuiteRunner.run(SuiteRunner.java:276)
at org.testng.SuiteRunnerWorker.runSuite(SuiteRunnerWorker.java:53)
at org.testng.SuiteRunnerWorker.run(SuiteRunnerWorker.java:96)
at org.testng.TestNG.runSuitesSequentially(TestNG.java:1212)
at org.testng.TestNG.runSuitesLocally(TestNG.java:1134)
at org.testng.TestNG.runSuites(TestNG.java:1063)
at org.testng.TestNG.run(TestNG.java:1031)
at org.testng.remote.AbstractRemoteTestNG.run(AbstractRemoteTestNG.java:115)
at org.testng.remote.RemoteTestNG.initAndRun(RemoteTestNG.java:251)
at org.testng.remote.RemoteTestNG.main(RemoteTestNG.java:77)
]]>
            </full-stacktrace>
          </exception> <!-- org.openqa.selenium.InvalidArgumentException -->
          <reporter-output>
          </reporter-output>
        </test-method> <!-- runScenario -->
        <test-method status="PASS" signature="tearDownClass()[pri:0, instance:Testsuit.dropdowntest@46238e3f]" name="tearDownClass" is-config="true" duration-ms="59" started-at="2021-08-06T11:29:34 IST" finished-at="2021-08-06T11:29:34 IST">
          <reporter-output>
          </reporter-output>
        </test-method> <!-- tearDownClass -->
      </class> <!-- Testsuit.dropdowntest -->
      <class name="Testsuit.leadTest">
        <test-method status="PASS" signature="setUpClass()[pri:0, instance:Testsuit.leadTest@77a57272]" name="setUpClass" is-config="true" duration-ms="106" started-at="2021-08-06T11:29:33 IST" finished-at="2021-08-06T11:29:34 IST">
          <reporter-output>
          </reporter-output>
        </test-method> <!-- setUpClass -->
        <test-method status="SKIP" signature="runScenario(io.cucumber.testng.PickleWrapper,io.cucumber.testng.FeatureWrapper)[pri:0, instance:Testsuit.leadTest@77a57272]" name="runScenario" duration-ms="0" started-at="2021-08-06T11:29:34 IST" description="Runs Cucumber Scenarios" data-provider="scenarios" finished-at="2021-08-06T11:29:34 IST">
          <params>
            <param index="0">
              <value>
                <![CDATA["Check the new lead button"]]>
              </value>
            </param>
            <param index="1">
              <value>
                <![CDATA["Optional[Create new lead]"]]>
              </value>
            </param>
          </params>
          <exception class="org.openqa.selenium.InvalidArgumentException">
            <message>
              <![CDATA[invalid argument: entry 0 of 'firstMatch' is invalid
from invalid argument: cannot parse capability: goog:chromeOptions
from invalid argument: unrecognized chrome option: credentials_enable_service
Build info: version: '4.0.0-alpha-5', revision: 'b3a0d621cc'
System info: host: 'DESKTOP-8G3MUB9', ip: '192.168.0.105', os.name: 'Windows 10', os.arch: 'amd64', os.version: '10.0', java.version: '1.8.0_261'
Driver info: driver.version: ChromeDriver
remote stacktrace: Backtrace:
Ordinal0 [0x00452A33+2501171]
Ordinal0 [0x003ED1C1+2085313]
Ordinal0 [0x002F1FA8+1056680]
Ordinal0 [0x003069D8+1141208]
Ordinal0 [0x00309284+1151620]
Ordinal0 [0x003035E2+1127906]
Ordinal0 [0x00338A33+1346099]
Ordinal0 [0x0033850F+1344783]
Ordinal0 [0x00339785+1349509]
Ordinal0 [0x0033960A+1349130]
Ordinal0 [0x0033551B+1332507]
Ordinal0 [0x00311D74+1187188]
Ordinal0 [0x00312BD9+1190873]
GetHandleVerifier [0x005CEFE6+1504438]
GetHandleVerifier [0x0067DDA5+2220661]
GetHandleVerifier [0x004D5589+481881]
GetHandleVerifier [0x004D4639+477961]
Ordinal0 [0x003F28BD+2107581]
Ordinal0 [0x003F6728+2123560]
Ordinal0 [0x003F6862+2123874]
Ordinal0 [0x003FFA81+2161281]
BaseThreadInitThunk [0x771D6359+25]
RtlGetAppContainerNamedObjectPath [0x776A87A4+228]
RtlGetAppContainerNamedObjectPath [0x776A8774+180]
]]>
            </message>
            <full-stacktrace>
              <![CDATA[org.openqa.selenium.InvalidArgumentException: invalid argument: entry 0 of 'firstMatch' is invalid
from invalid argument: cannot parse capability: goog:chromeOptions
from invalid argument: unrecognized chrome option: credentials_enable_service
Build info: version: '4.0.0-alpha-5', revision: 'b3a0d621cc'
System info: host: 'DESKTOP-8G3MUB9', ip: '192.168.0.105', os.name: 'Windows 10', os.arch: 'amd64', os.version: '10.0', java.version: '1.8.0_261'
Driver info: driver.version: ChromeDriver
remote stacktrace: Backtrace:
Ordinal0 [0x00452A33+2501171]
Ordinal0 [0x003ED1C1+2085313]
Ordinal0 [0x002F1FA8+1056680]
Ordinal0 [0x003069D8+1141208]
Ordinal0 [0x00309284+1151620]
Ordinal0 [0x003035E2+1127906]
Ordinal0 [0x00338A33+1346099]
Ordinal0 [0x0033850F+1344783]
Ordinal0 [0x00339785+1349509]
Ordinal0 [0x0033960A+1349130]
Ordinal0 [0x0033551B+1332507]
Ordinal0 [0x00311D74+1187188]
Ordinal0 [0x00312BD9+1190873]
GetHandleVerifier [0x005CEFE6+1504438]
GetHandleVerifier [0x0067DDA5+2220661]
GetHandleVerifier [0x004D5589+481881]
GetHandleVerifier [0x004D4639+477961]
Ordinal0 [0x003F28BD+2107581]
Ordinal0 [0x003F6728+2123560]
Ordinal0 [0x003F6862+2123874]
Ordinal0 [0x003FFA81+2161281]
BaseThreadInitThunk [0x771D6359+25]
RtlGetAppContainerNamedObjectPath [0x776A87A4+228]
RtlGetAppContainerNamedObjectPath [0x776A8774+180]

at sun.reflect.NativeConstructorAccessorImpl.newInstance0(Native Method)
at sun.reflect.NativeConstructorAccessorImpl.newInstance(NativeConstructorAccessorImpl.java:62)
at sun.reflect.DelegatingConstructorAccessorImpl.newInstance(DelegatingConstructorAccessorImpl.java:45)
at java.lang.reflect.Constructor.newInstance(Constructor.java:423)
at org.openqa.selenium.remote.W3CHandshakeResponse.lambda$errorHandler$0(W3CHandshakeResponse.java:62)
at org.openqa.selenium.remote.HandshakeResponse.lambda$getResponseFunction$0(HandshakeResponse.java:30)
at org.openqa.selenium.remote.ProtocolHandshake.lambda$createSession$1(ProtocolHandshake.java:126)
at java.util.stream.ReferencePipeline$3$1.accept(ReferencePipeline.java:193)
at java.util.Spliterators$ArraySpliterator.tryAdvance(Spliterators.java:958)
at java.util.stream.ReferencePipeline.forEachWithCancel(ReferencePipeline.java:126)
at java.util.stream.AbstractPipeline.copyIntoWithCancel(AbstractPipeline.java:499)
at java.util.stream.AbstractPipeline.copyInto(AbstractPipeline.java:486)
at java.util.stream.AbstractPipeline.wrapAndCopyInto(AbstractPipeline.java:472)
at java.util.stream.FindOps$FindOp.evaluateSequential(FindOps.java:152)
at java.util.stream.AbstractPipeline.evaluate(AbstractPipeline.java:234)
at java.util.stream.ReferencePipeline.findFirst(ReferencePipeline.java:464)
at org.openqa.selenium.remote.ProtocolHandshake.createSession(ProtocolHandshake.java:128)
at org.openqa.selenium.remote.ProtocolHandshake.createSession(ProtocolHandshake.java:75)
at org.openqa.selenium.remote.HttpCommandExecutor.execute(HttpCommandExecutor.java:139)
at org.openqa.selenium.remote.service.DriverCommandExecutor.execute(DriverCommandExecutor.java:83)
at org.openqa.selenium.remote.RemoteWebDriver.execute(RemoteWebDriver.java:582)
at org.openqa.selenium.remote.RemoteWebDriver.startSession(RemoteWebDriver.java:216)
at org.openqa.selenium.remote.RemoteWebDriver.<init>(RemoteWebDriver.java:136)
at org.openqa.selenium.chromium.ChromiumDriver.<init>(ChromiumDriver.java:75)
at org.openqa.selenium.chrome.ChromeDriver.<init>(ChromeDriver.java:163)
at org.openqa.selenium.chrome.ChromeDriver.<init>(ChromeDriver.java:150)
at org.openqa.selenium.chrome.ChromeDriver.<init>(ChromeDriver.java:139)
at base.Base.setUp(Base.java:73)
at sun.reflect.NativeMethodAccessorImpl.invoke0(Native Method)
at sun.reflect.NativeMethodAccessorImpl.invoke(NativeMethodAccessorImpl.java:62)
at sun.reflect.DelegatingMethodAccessorImpl.invoke(DelegatingMethodAccessorImpl.java:43)
at java.lang.reflect.Method.invoke(Method.java:498)
at org.testng.internal.MethodInvocationHelper.invokeMethod(MethodInvocationHelper.java:133)
at org.testng.internal.MethodInvocationHelper.invokeMethodConsideringTimeout(MethodInvocationHelper.java:62)
at org.testng.internal.ConfigInvoker.invokeConfigurationMethod(ConfigInvoker.java:385)
at org.testng.internal.ConfigInvoker.invokeConfigurations(ConfigInvoker.java:321)
at org.testng.SuiteRunner.privateRun(SuiteRunner.java:317)
at org.testng.SuiteRunner.run(SuiteRunner.java:276)
at org.testng.SuiteRunnerWorker.runSuite(SuiteRunnerWorker.java:53)
at org.testng.SuiteRunnerWorker.run(SuiteRunnerWorker.java:96)
at org.testng.TestNG.runSuitesSequentially(TestNG.java:1212)
at org.testng.TestNG.runSuitesLocally(TestNG.java:1134)
at org.testng.TestNG.runSuites(TestNG.java:1063)
at org.testng.TestNG.run(TestNG.java:1031)
at org.testng.remote.AbstractRemoteTestNG.run(AbstractRemoteTestNG.java:115)
at org.testng.remote.RemoteTestNG.initAndRun(RemoteTestNG.java:251)
at org.testng.remote.RemoteTestNG.main(RemoteTestNG.java:77)
]]>
            </full-stacktrace>
          </exception> <!-- org.openqa.selenium.InvalidArgumentException -->
          <reporter-output>
          </reporter-output>
        </test-method> <!-- runScenario -->
        <test-method status="SKIP" signature="runScenario(io.cucumber.testng.PickleWrapper,io.cucumber.testng.FeatureWrapper)[pri:0, instance:Testsuit.leadTest@77a57272]" name="runScenario" duration-ms="0" started-at="2021-08-06T11:29:34 IST" description="Runs Cucumber Scenarios" data-provider="scenarios" finished-at="2021-08-06T11:29:34 IST">
          <params>
            <param index="0">
              <value>
                <![CDATA["Fill the new lead"]]>
              </value>
            </param>
            <param index="1">
              <value>
                <![CDATA["Optional[Create new lead]"]]>
              </value>
            </param>
          </params>
          <exception class="org.openqa.selenium.InvalidArgumentException">
            <message>
              <![CDATA[invalid argument: entry 0 of 'firstMatch' is invalid
from invalid argument: cannot parse capability: goog:chromeOptions
from invalid argument: unrecognized chrome option: credentials_enable_service
Build info: version: '4.0.0-alpha-5', revision: 'b3a0d621cc'
System info: host: 'DESKTOP-8G3MUB9', ip: '192.168.0.105', os.name: 'Windows 10', os.arch: 'amd64', os.version: '10.0', java.version: '1.8.0_261'
Driver info: driver.version: ChromeDriver
remote stacktrace: Backtrace:
Ordinal0 [0x00452A33+2501171]
Ordinal0 [0x003ED1C1+2085313]
Ordinal0 [0x002F1FA8+1056680]
Ordinal0 [0x003069D8+1141208]
Ordinal0 [0x00309284+1151620]
Ordinal0 [0x003035E2+1127906]
Ordinal0 [0x00338A33+1346099]
Ordinal0 [0x0033850F+1344783]
Ordinal0 [0x00339785+1349509]
Ordinal0 [0x0033960A+1349130]
Ordinal0 [0x0033551B+1332507]
Ordinal0 [0x00311D74+1187188]
Ordinal0 [0x00312BD9+1190873]
GetHandleVerifier [0x005CEFE6+1504438]
GetHandleVerifier [0x0067DDA5+2220661]
GetHandleVerifier [0x004D5589+481881]
GetHandleVerifier [0x004D4639+477961]
Ordinal0 [0x003F28BD+2107581]
Ordinal0 [0x003F6728+2123560]
Ordinal0 [0x003F6862+2123874]
Ordinal0 [0x003FFA81+2161281]
BaseThreadInitThunk [0x771D6359+25]
RtlGetAppContainerNamedObjectPath [0x776A87A4+228]
RtlGetAppContainerNamedObjectPath [0x776A8774+180]
]]>
            </message>
            <full-stacktrace>
              <![CDATA[org.openqa.selenium.InvalidArgumentException: invalid argument: entry 0 of 'firstMatch' is invalid
from invalid argument: cannot parse capability: goog:chromeOptions
from invalid argument: unrecognized chrome option: credentials_enable_service
Build info: version: '4.0.0-alpha-5', revision: 'b3a0d621cc'
System info: host: 'DESKTOP-8G3MUB9', ip: '192.168.0.105', os.name: 'Windows 10', os.arch: 'amd64', os.version: '10.0', java.version: '1.8.0_261'
Driver info: driver.version: ChromeDriver
remote stacktrace: Backtrace:
Ordinal0 [0x00452A33+2501171]
Ordinal0 [0x003ED1C1+2085313]
Ordinal0 [0x002F1FA8+1056680]
Ordinal0 [0x003069D8+1141208]
Ordinal0 [0x00309284+1151620]
Ordinal0 [0x003035E2+1127906]
Ordinal0 [0x00338A33+1346099]
Ordinal0 [0x0033850F+1344783]
Ordinal0 [0x00339785+1349509]
Ordinal0 [0x0033960A+1349130]
Ordinal0 [0x0033551B+1332507]
Ordinal0 [0x00311D74+1187188]
Ordinal0 [0x00312BD9+1190873]
GetHandleVerifier [0x005CEFE6+1504438]
GetHandleVerifier [0x0067DDA5+2220661]
GetHandleVerifier [0x004D5589+481881]
GetHandleVerifier [0x004D4639+477961]
Ordinal0 [0x003F28BD+2107581]
Ordinal0 [0x003F6728+2123560]
Ordinal0 [0x003F6862+2123874]
Ordinal0 [0x003FFA81+2161281]
BaseThreadInitThunk [0x771D6359+25]
RtlGetAppContainerNamedObjectPath [0x776A87A4+228]
RtlGetAppContainerNamedObjectPath [0x776A8774+180]

at sun.reflect.NativeConstructorAccessorImpl.newInstance0(Native Method)
at sun.reflect.NativeConstructorAccessorImpl.newInstance(NativeConstructorAccessorImpl.java:62)
at sun.reflect.DelegatingConstructorAccessorImpl.newInstance(DelegatingConstructorAccessorImpl.java:45)
at java.lang.reflect.Constructor.newInstance(Constructor.java:423)
at org.openqa.selenium.remote.W3CHandshakeResponse.lambda$errorHandler$0(W3CHandshakeResponse.java:62)
at org.openqa.selenium.remote.HandshakeResponse.lambda$getResponseFunction$0(HandshakeResponse.java:30)
at org.openqa.selenium.remote.ProtocolHandshake.lambda$createSession$1(ProtocolHandshake.java:126)
at java.util.stream.ReferencePipeline$3$1.accept(ReferencePipeline.java:193)
at java.util.Spliterators$ArraySpliterator.tryAdvance(Spliterators.java:958)
at java.util.stream.ReferencePipeline.forEachWithCancel(ReferencePipeline.java:126)
at java.util.stream.AbstractPipeline.copyIntoWithCancel(AbstractPipeline.java:499)
at java.util.stream.AbstractPipeline.copyInto(AbstractPipeline.java:486)
at java.util.stream.AbstractPipeline.wrapAndCopyInto(AbstractPipeline.java:472)
at java.util.stream.FindOps$FindOp.evaluateSequential(FindOps.java:152)
at java.util.stream.AbstractPipeline.evaluate(AbstractPipeline.java:234)
at java.util.stream.ReferencePipeline.findFirst(ReferencePipeline.java:464)
at org.openqa.selenium.remote.ProtocolHandshake.createSession(ProtocolHandshake.java:128)
at org.openqa.selenium.remote.ProtocolHandshake.createSession(ProtocolHandshake.java:75)
at org.openqa.selenium.remote.HttpCommandExecutor.execute(HttpCommandExecutor.java:139)
at org.openqa.selenium.remote.service.DriverCommandExecutor.execute(DriverCommandExecutor.java:83)
at org.openqa.selenium.remote.RemoteWebDriver.execute(RemoteWebDriver.java:582)
at org.openqa.selenium.remote.RemoteWebDriver.startSession(RemoteWebDriver.java:216)
at org.openqa.selenium.remote.RemoteWebDriver.<init>(RemoteWebDriver.java:136)
at org.openqa.selenium.chromium.ChromiumDriver.<init>(ChromiumDriver.java:75)
at org.openqa.selenium.chrome.ChromeDriver.<init>(ChromeDriver.java:163)
at org.openqa.selenium.chrome.ChromeDriver.<init>(ChromeDriver.java:150)
at org.openqa.selenium.chrome.ChromeDriver.<init>(ChromeDriver.java:139)
at base.Base.setUp(Base.java:73)
at sun.reflect.NativeMethodAccessorImpl.invoke0(Native Method)
at sun.reflect.NativeMethodAccessorImpl.invoke(NativeMethodAccessorImpl.java:62)
at sun.reflect.DelegatingMethodAccessorImpl.invoke(DelegatingMethodAccessorImpl.java:43)
at java.lang.reflect.Method.invoke(Method.java:498)
at org.testng.internal.MethodInvocationHelper.invokeMethod(MethodInvocationHelper.java:133)
at org.testng.internal.MethodInvocationHelper.invokeMethodConsideringTimeout(MethodInvocationHelper.java:62)
at org.testng.internal.ConfigInvoker.invokeConfigurationMethod(ConfigInvoker.java:385)
at org.testng.internal.ConfigInvoker.invokeConfigurations(ConfigInvoker.java:321)
at org.testng.SuiteRunner.privateRun(SuiteRunner.java:317)
at org.testng.SuiteRunner.run(SuiteRunner.java:276)
at org.testng.SuiteRunnerWorker.runSuite(SuiteRunnerWorker.java:53)
at org.testng.SuiteRunnerWorker.run(SuiteRunnerWorker.java:96)
at org.testng.TestNG.runSuitesSequentially(TestNG.java:1212)
at org.testng.TestNG.runSuitesLocally(TestNG.java:1134)
at org.testng.TestNG.runSuites(TestNG.java:1063)
at org.testng.TestNG.run(TestNG.java:1031)
at org.testng.remote.AbstractRemoteTestNG.run(AbstractRemoteTestNG.java:115)
at org.testng.remote.RemoteTestNG.initAndRun(RemoteTestNG.java:251)
at org.testng.remote.RemoteTestNG.main(RemoteTestNG.java:77)
]]>
            </full-stacktrace>
          </exception> <!-- org.openqa.selenium.InvalidArgumentException -->
          <reporter-output>
          </reporter-output>
        </test-method> <!-- runScenario -->
        <test-method status="SKIP" signature="runScenario(io.cucumber.testng.PickleWrapper,io.cucumber.testng.FeatureWrapper)[pri:0, instance:Testsuit.leadTest@77a57272]" name="runScenario" duration-ms="0" started-at="2021-08-06T11:29:34 IST" description="Runs Cucumber Scenarios" data-provider="scenarios" finished-at="2021-08-06T11:29:34 IST">
          <params>
            <param index="0">
              <value>
                <![CDATA["Fill the new lead"]]>
              </value>
            </param>
            <param index="1">
              <value>
                <![CDATA["Optional[Create new lead]"]]>
              </value>
            </param>
          </params>
          <exception class="org.openqa.selenium.InvalidArgumentException">
            <message>
              <![CDATA[invalid argument: entry 0 of 'firstMatch' is invalid
from invalid argument: cannot parse capability: goog:chromeOptions
from invalid argument: unrecognized chrome option: credentials_enable_service
Build info: version: '4.0.0-alpha-5', revision: 'b3a0d621cc'
System info: host: 'DESKTOP-8G3MUB9', ip: '192.168.0.105', os.name: 'Windows 10', os.arch: 'amd64', os.version: '10.0', java.version: '1.8.0_261'
Driver info: driver.version: ChromeDriver
remote stacktrace: Backtrace:
Ordinal0 [0x00452A33+2501171]
Ordinal0 [0x003ED1C1+2085313]
Ordinal0 [0x002F1FA8+1056680]
Ordinal0 [0x003069D8+1141208]
Ordinal0 [0x00309284+1151620]
Ordinal0 [0x003035E2+1127906]
Ordinal0 [0x00338A33+1346099]
Ordinal0 [0x0033850F+1344783]
Ordinal0 [0x00339785+1349509]
Ordinal0 [0x0033960A+1349130]
Ordinal0 [0x0033551B+1332507]
Ordinal0 [0x00311D74+1187188]
Ordinal0 [0x00312BD9+1190873]
GetHandleVerifier [0x005CEFE6+1504438]
GetHandleVerifier [0x0067DDA5+2220661]
GetHandleVerifier [0x004D5589+481881]
GetHandleVerifier [0x004D4639+477961]
Ordinal0 [0x003F28BD+2107581]
Ordinal0 [0x003F6728+2123560]
Ordinal0 [0x003F6862+2123874]
Ordinal0 [0x003FFA81+2161281]
BaseThreadInitThunk [0x771D6359+25]
RtlGetAppContainerNamedObjectPath [0x776A87A4+228]
RtlGetAppContainerNamedObjectPath [0x776A8774+180]
]]>
            </message>
            <full-stacktrace>
              <![CDATA[org.openqa.selenium.InvalidArgumentException: invalid argument: entry 0 of 'firstMatch' is invalid
from invalid argument: cannot parse capability: goog:chromeOptions
from invalid argument: unrecognized chrome option: credentials_enable_service
Build info: version: '4.0.0-alpha-5', revision: 'b3a0d621cc'
System info: host: 'DESKTOP-8G3MUB9', ip: '192.168.0.105', os.name: 'Windows 10', os.arch: 'amd64', os.version: '10.0', java.version: '1.8.0_261'
Driver info: driver.version: ChromeDriver
remote stacktrace: Backtrace:
Ordinal0 [0x00452A33+2501171]
Ordinal0 [0x003ED1C1+2085313]
Ordinal0 [0x002F1FA8+1056680]
Ordinal0 [0x003069D8+1141208]
Ordinal0 [0x00309284+1151620]
Ordinal0 [0x003035E2+1127906]
Ordinal0 [0x00338A33+1346099]
Ordinal0 [0x0033850F+1344783]
Ordinal0 [0x00339785+1349509]
Ordinal0 [0x0033960A+1349130]
Ordinal0 [0x0033551B+1332507]
Ordinal0 [0x00311D74+1187188]
Ordinal0 [0x00312BD9+1190873]
GetHandleVerifier [0x005CEFE6+1504438]
GetHandleVerifier [0x0067DDA5+2220661]
GetHandleVerifier [0x004D5589+481881]
GetHandleVerifier [0x004D4639+477961]
Ordinal0 [0x003F28BD+2107581]
Ordinal0 [0x003F6728+2123560]
Ordinal0 [0x003F6862+2123874]
Ordinal0 [0x003FFA81+2161281]
BaseThreadInitThunk [0x771D6359+25]
RtlGetAppContainerNamedObjectPath [0x776A87A4+228]
RtlGetAppContainerNamedObjectPath [0x776A8774+180]

at sun.reflect.NativeConstructorAccessorImpl.newInstance0(Native Method)
at sun.reflect.NativeConstructorAccessorImpl.newInstance(NativeConstructorAccessorImpl.java:62)
at sun.reflect.DelegatingConstructorAccessorImpl.newInstance(DelegatingConstructorAccessorImpl.java:45)
at java.lang.reflect.Constructor.newInstance(Constructor.java:423)
at org.openqa.selenium.remote.W3CHandshakeResponse.lambda$errorHandler$0(W3CHandshakeResponse.java:62)
at org.openqa.selenium.remote.HandshakeResponse.lambda$getResponseFunction$0(HandshakeResponse.java:30)
at org.openqa.selenium.remote.ProtocolHandshake.lambda$createSession$1(ProtocolHandshake.java:126)
at java.util.stream.ReferencePipeline$3$1.accept(ReferencePipeline.java:193)
at java.util.Spliterators$ArraySpliterator.tryAdvance(Spliterators.java:958)
at java.util.stream.ReferencePipeline.forEachWithCancel(ReferencePipeline.java:126)
at java.util.stream.AbstractPipeline.copyIntoWithCancel(AbstractPipeline.java:499)
at java.util.stream.AbstractPipeline.copyInto(AbstractPipeline.java:486)
at java.util.stream.AbstractPipeline.wrapAndCopyInto(AbstractPipeline.java:472)
at java.util.stream.FindOps$FindOp.evaluateSequential(FindOps.java:152)
at java.util.stream.AbstractPipeline.evaluate(AbstractPipeline.java:234)
at java.util.stream.ReferencePipeline.findFirst(ReferencePipeline.java:464)
at org.openqa.selenium.remote.ProtocolHandshake.createSession(ProtocolHandshake.java:128)
at org.openqa.selenium.remote.ProtocolHandshake.createSession(ProtocolHandshake.java:75)
at org.openqa.selenium.remote.HttpCommandExecutor.execute(HttpCommandExecutor.java:139)
at org.openqa.selenium.remote.service.DriverCommandExecutor.execute(DriverCommandExecutor.java:83)
at org.openqa.selenium.remote.RemoteWebDriver.execute(RemoteWebDriver.java:582)
at org.openqa.selenium.remote.RemoteWebDriver.startSession(RemoteWebDriver.java:216)
at org.openqa.selenium.remote.RemoteWebDriver.<init>(RemoteWebDriver.java:136)
at org.openqa.selenium.chromium.ChromiumDriver.<init>(ChromiumDriver.java:75)
at org.openqa.selenium.chrome.ChromeDriver.<init>(ChromeDriver.java:163)
at org.openqa.selenium.chrome.ChromeDriver.<init>(ChromeDriver.java:150)
at org.openqa.selenium.chrome.ChromeDriver.<init>(ChromeDriver.java:139)
at base.Base.setUp(Base.java:73)
at sun.reflect.NativeMethodAccessorImpl.invoke0(Native Method)
at sun.reflect.NativeMethodAccessorImpl.invoke(NativeMethodAccessorImpl.java:62)
at sun.reflect.DelegatingMethodAccessorImpl.invoke(DelegatingMethodAccessorImpl.java:43)
at java.lang.reflect.Method.invoke(Method.java:498)
at org.testng.internal.MethodInvocationHelper.invokeMethod(MethodInvocationHelper.java:133)
at org.testng.internal.MethodInvocationHelper.invokeMethodConsideringTimeout(MethodInvocationHelper.java:62)
at org.testng.internal.ConfigInvoker.invokeConfigurationMethod(ConfigInvoker.java:385)
at org.testng.internal.ConfigInvoker.invokeConfigurations(ConfigInvoker.java:321)
at org.testng.SuiteRunner.privateRun(SuiteRunner.java:317)
at org.testng.SuiteRunner.run(SuiteRunner.java:276)
at org.testng.SuiteRunnerWorker.runSuite(SuiteRunnerWorker.java:53)
at org.testng.SuiteRunnerWorker.run(SuiteRunnerWorker.java:96)
at org.testng.TestNG.runSuitesSequentially(TestNG.java:1212)
at org.testng.TestNG.runSuitesLocally(TestNG.java:1134)
at org.testng.TestNG.runSuites(TestNG.java:1063)
at org.testng.TestNG.run(TestNG.java:1031)
at org.testng.remote.AbstractRemoteTestNG.run(AbstractRemoteTestNG.java:115)
at org.testng.remote.RemoteTestNG.initAndRun(RemoteTestNG.java:251)
at org.testng.remote.RemoteTestNG.main(RemoteTestNG.java:77)
]]>
            </full-stacktrace>
          </exception> <!-- org.openqa.selenium.InvalidArgumentException -->
          <reporter-output>
          </reporter-output>
        </test-method> <!-- runScenario -->
        <test-method status="SKIP" signature="runScenario(io.cucumber.testng.PickleWrapper,io.cucumber.testng.FeatureWrapper)[pri:0, instance:Testsuit.leadTest@77a57272]" name="runScenario" duration-ms="0" started-at="2021-08-06T11:29:34 IST" description="Runs Cucumber Scenarios" data-provider="scenarios" finished-at="2021-08-06T11:29:34 IST">
          <params>
            <param index="0">
              <value>
                <![CDATA["Edit the new lead form"]]>
              </value>
            </param>
            <param index="1">
              <value>
                <![CDATA["Optional[Create new lead]"]]>
              </value>
            </param>
          </params>
          <exception class="org.openqa.selenium.InvalidArgumentException">
            <message>
              <![CDATA[invalid argument: entry 0 of 'firstMatch' is invalid
from invalid argument: cannot parse capability: goog:chromeOptions
from invalid argument: unrecognized chrome option: credentials_enable_service
Build info: version: '4.0.0-alpha-5', revision: 'b3a0d621cc'
System info: host: 'DESKTOP-8G3MUB9', ip: '192.168.0.105', os.name: 'Windows 10', os.arch: 'amd64', os.version: '10.0', java.version: '1.8.0_261'
Driver info: driver.version: ChromeDriver
remote stacktrace: Backtrace:
Ordinal0 [0x00452A33+2501171]
Ordinal0 [0x003ED1C1+2085313]
Ordinal0 [0x002F1FA8+1056680]
Ordinal0 [0x003069D8+1141208]
Ordinal0 [0x00309284+1151620]
Ordinal0 [0x003035E2+1127906]
Ordinal0 [0x00338A33+1346099]
Ordinal0 [0x0033850F+1344783]
Ordinal0 [0x00339785+1349509]
Ordinal0 [0x0033960A+1349130]
Ordinal0 [0x0033551B+1332507]
Ordinal0 [0x00311D74+1187188]
Ordinal0 [0x00312BD9+1190873]
GetHandleVerifier [0x005CEFE6+1504438]
GetHandleVerifier [0x0067DDA5+2220661]
GetHandleVerifier [0x004D5589+481881]
GetHandleVerifier [0x004D4639+477961]
Ordinal0 [0x003F28BD+2107581]
Ordinal0 [0x003F6728+2123560]
Ordinal0 [0x003F6862+2123874]
Ordinal0 [0x003FFA81+2161281]
BaseThreadInitThunk [0x771D6359+25]
RtlGetAppContainerNamedObjectPath [0x776A87A4+228]
RtlGetAppContainerNamedObjectPath [0x776A8774+180]
]]>
            </message>
            <full-stacktrace>
              <![CDATA[org.openqa.selenium.InvalidArgumentException: invalid argument: entry 0 of 'firstMatch' is invalid
from invalid argument: cannot parse capability: goog:chromeOptions
from invalid argument: unrecognized chrome option: credentials_enable_service
Build info: version: '4.0.0-alpha-5', revision: 'b3a0d621cc'
System info: host: 'DESKTOP-8G3MUB9', ip: '192.168.0.105', os.name: 'Windows 10', os.arch: 'amd64', os.version: '10.0', java.version: '1.8.0_261'
Driver info: driver.version: ChromeDriver
remote stacktrace: Backtrace:
Ordinal0 [0x00452A33+2501171]
Ordinal0 [0x003ED1C1+2085313]
Ordinal0 [0x002F1FA8+1056680]
Ordinal0 [0x003069D8+1141208]
Ordinal0 [0x00309284+1151620]
Ordinal0 [0x003035E2+1127906]
Ordinal0 [0x00338A33+1346099]
Ordinal0 [0x0033850F+1344783]
Ordinal0 [0x00339785+1349509]
Ordinal0 [0x0033960A+1349130]
Ordinal0 [0x0033551B+1332507]
Ordinal0 [0x00311D74+1187188]
Ordinal0 [0x00312BD9+1190873]
GetHandleVerifier [0x005CEFE6+1504438]
GetHandleVerifier [0x0067DDA5+2220661]
GetHandleVerifier [0x004D5589+481881]
GetHandleVerifier [0x004D4639+477961]
Ordinal0 [0x003F28BD+2107581]
Ordinal0 [0x003F6728+2123560]
Ordinal0 [0x003F6862+2123874]
Ordinal0 [0x003FFA81+2161281]
BaseThreadInitThunk [0x771D6359+25]
RtlGetAppContainerNamedObjectPath [0x776A87A4+228]
RtlGetAppContainerNamedObjectPath [0x776A8774+180]

at sun.reflect.NativeConstructorAccessorImpl.newInstance0(Native Method)
at sun.reflect.NativeConstructorAccessorImpl.newInstance(NativeConstructorAccessorImpl.java:62)
at sun.reflect.DelegatingConstructorAccessorImpl.newInstance(DelegatingConstructorAccessorImpl.java:45)
at java.lang.reflect.Constructor.newInstance(Constructor.java:423)
at org.openqa.selenium.remote.W3CHandshakeResponse.lambda$errorHandler$0(W3CHandshakeResponse.java:62)
at org.openqa.selenium.remote.HandshakeResponse.lambda$getResponseFunction$0(HandshakeResponse.java:30)
at org.openqa.selenium.remote.ProtocolHandshake.lambda$createSession$1(ProtocolHandshake.java:126)
at java.util.stream.ReferencePipeline$3$1.accept(ReferencePipeline.java:193)
at java.util.Spliterators$ArraySpliterator.tryAdvance(Spliterators.java:958)
at java.util.stream.ReferencePipeline.forEachWithCancel(ReferencePipeline.java:126)
at java.util.stream.AbstractPipeline.copyIntoWithCancel(AbstractPipeline.java:499)
at java.util.stream.AbstractPipeline.copyInto(AbstractPipeline.java:486)
at java.util.stream.AbstractPipeline.wrapAndCopyInto(AbstractPipeline.java:472)
at java.util.stream.FindOps$FindOp.evaluateSequential(FindOps.java:152)
at java.util.stream.AbstractPipeline.evaluate(AbstractPipeline.java:234)
at java.util.stream.ReferencePipeline.findFirst(ReferencePipeline.java:464)
at org.openqa.selenium.remote.ProtocolHandshake.createSession(ProtocolHandshake.java:128)
at org.openqa.selenium.remote.ProtocolHandshake.createSession(ProtocolHandshake.java:75)
at org.openqa.selenium.remote.HttpCommandExecutor.execute(HttpCommandExecutor.java:139)
at org.openqa.selenium.remote.service.DriverCommandExecutor.execute(DriverCommandExecutor.java:83)
at org.openqa.selenium.remote.RemoteWebDriver.execute(RemoteWebDriver.java:582)
at org.openqa.selenium.remote.RemoteWebDriver.startSession(RemoteWebDriver.java:216)
at org.openqa.selenium.remote.RemoteWebDriver.<init>(RemoteWebDriver.java:136)
at org.openqa.selenium.chromium.ChromiumDriver.<init>(ChromiumDriver.java:75)
at org.openqa.selenium.chrome.ChromeDriver.<init>(ChromeDriver.java:163)
at org.openqa.selenium.chrome.ChromeDriver.<init>(ChromeDriver.java:150)
at org.openqa.selenium.chrome.ChromeDriver.<init>(ChromeDriver.java:139)
at base.Base.setUp(Base.java:73)
at sun.reflect.NativeMethodAccessorImpl.invoke0(Native Method)
at sun.reflect.NativeMethodAccessorImpl.invoke(NativeMethodAccessorImpl.java:62)
at sun.reflect.DelegatingMethodAccessorImpl.invoke(DelegatingMethodAccessorImpl.java:43)
at java.lang.reflect.Method.invoke(Method.java:498)
at org.testng.internal.MethodInvocationHelper.invokeMethod(MethodInvocationHelper.java:133)
at org.testng.internal.MethodInvocationHelper.invokeMethodConsideringTimeout(MethodInvocationHelper.java:62)
at org.testng.internal.ConfigInvoker.invokeConfigurationMethod(ConfigInvoker.java:385)
at org.testng.internal.ConfigInvoker.invokeConfigurations(ConfigInvoker.java:321)
at org.testng.SuiteRunner.privateRun(SuiteRunner.java:317)
at org.testng.SuiteRunner.run(SuiteRunner.java:276)
at org.testng.SuiteRunnerWorker.runSuite(SuiteRunnerWorker.java:53)
at org.testng.SuiteRunnerWorker.run(SuiteRunnerWorker.java:96)
at org.testng.TestNG.runSuitesSequentially(TestNG.java:1212)
at org.testng.TestNG.runSuitesLocally(TestNG.java:1134)
at org.testng.TestNG.runSuites(TestNG.java:1063)
at org.testng.TestNG.run(TestNG.java:1031)
at org.testng.remote.AbstractRemoteTestNG.run(AbstractRemoteTestNG.java:115)
at org.testng.remote.RemoteTestNG.initAndRun(RemoteTestNG.java:251)
at org.testng.remote.RemoteTestNG.main(RemoteTestNG.java:77)
]]>
            </full-stacktrace>
          </exception> <!-- org.openqa.selenium.InvalidArgumentException -->
          <reporter-output>
          </reporter-output>
        </test-method> <!-- runScenario -->
        <test-method status="SKIP" signature="runScenario(io.cucumber.testng.PickleWrapper,io.cucumber.testng.FeatureWrapper)[pri:0, instance:Testsuit.leadTest@77a57272]" name="runScenario" duration-ms="0" started-at="2021-08-06T11:29:34 IST" description="Runs Cucumber Scenarios" data-provider="scenarios" finished-at="2021-08-06T11:29:34 IST">
          <params>
            <param index="0">
              <value>
                <![CDATA["Fill the edit form"]]>
              </value>
            </param>
            <param index="1">
              <value>
                <![CDATA["Optional[Create new lead]"]]>
              </value>
            </param>
          </params>
          <exception class="org.openqa.selenium.InvalidArgumentException">
            <message>
              <![CDATA[invalid argument: entry 0 of 'firstMatch' is invalid
from invalid argument: cannot parse capability: goog:chromeOptions
from invalid argument: unrecognized chrome option: credentials_enable_service
Build info: version: '4.0.0-alpha-5', revision: 'b3a0d621cc'
System info: host: 'DESKTOP-8G3MUB9', ip: '192.168.0.105', os.name: 'Windows 10', os.arch: 'amd64', os.version: '10.0', java.version: '1.8.0_261'
Driver info: driver.version: ChromeDriver
remote stacktrace: Backtrace:
Ordinal0 [0x00452A33+2501171]
Ordinal0 [0x003ED1C1+2085313]
Ordinal0 [0x002F1FA8+1056680]
Ordinal0 [0x003069D8+1141208]
Ordinal0 [0x00309284+1151620]
Ordinal0 [0x003035E2+1127906]
Ordinal0 [0x00338A33+1346099]
Ordinal0 [0x0033850F+1344783]
Ordinal0 [0x00339785+1349509]
Ordinal0 [0x0033960A+1349130]
Ordinal0 [0x0033551B+1332507]
Ordinal0 [0x00311D74+1187188]
Ordinal0 [0x00312BD9+1190873]
GetHandleVerifier [0x005CEFE6+1504438]
GetHandleVerifier [0x0067DDA5+2220661]
GetHandleVerifier [0x004D5589+481881]
GetHandleVerifier [0x004D4639+477961]
Ordinal0 [0x003F28BD+2107581]
Ordinal0 [0x003F6728+2123560]
Ordinal0 [0x003F6862+2123874]
Ordinal0 [0x003FFA81+2161281]
BaseThreadInitThunk [0x771D6359+25]
RtlGetAppContainerNamedObjectPath [0x776A87A4+228]
RtlGetAppContainerNamedObjectPath [0x776A8774+180]
]]>
            </message>
            <full-stacktrace>
              <![CDATA[org.openqa.selenium.InvalidArgumentException: invalid argument: entry 0 of 'firstMatch' is invalid
from invalid argument: cannot parse capability: goog:chromeOptions
from invalid argument: unrecognized chrome option: credentials_enable_service
Build info: version: '4.0.0-alpha-5', revision: 'b3a0d621cc'
System info: host: 'DESKTOP-8G3MUB9', ip: '192.168.0.105', os.name: 'Windows 10', os.arch: 'amd64', os.version: '10.0', java.version: '1.8.0_261'
Driver info: driver.version: ChromeDriver
remote stacktrace: Backtrace:
Ordinal0 [0x00452A33+2501171]
Ordinal0 [0x003ED1C1+2085313]
Ordinal0 [0x002F1FA8+1056680]
Ordinal0 [0x003069D8+1141208]
Ordinal0 [0x00309284+1151620]
Ordinal0 [0x003035E2+1127906]
Ordinal0 [0x00338A33+1346099]
Ordinal0 [0x0033850F+1344783]
Ordinal0 [0x00339785+1349509]
Ordinal0 [0x0033960A+1349130]
Ordinal0 [0x0033551B+1332507]
Ordinal0 [0x00311D74+1187188]
Ordinal0 [0x00312BD9+1190873]
GetHandleVerifier [0x005CEFE6+1504438]
GetHandleVerifier [0x0067DDA5+2220661]
GetHandleVerifier [0x004D5589+481881]
GetHandleVerifier [0x004D4639+477961]
Ordinal0 [0x003F28BD+2107581]
Ordinal0 [0x003F6728+2123560]
Ordinal0 [0x003F6862+2123874]
Ordinal0 [0x003FFA81+2161281]
BaseThreadInitThunk [0x771D6359+25]
RtlGetAppContainerNamedObjectPath [0x776A87A4+228]
RtlGetAppContainerNamedObjectPath [0x776A8774+180]

at sun.reflect.NativeConstructorAccessorImpl.newInstance0(Native Method)
at sun.reflect.NativeConstructorAccessorImpl.newInstance(NativeConstructorAccessorImpl.java:62)
at sun.reflect.DelegatingConstructorAccessorImpl.newInstance(DelegatingConstructorAccessorImpl.java:45)
at java.lang.reflect.Constructor.newInstance(Constructor.java:423)
at org.openqa.selenium.remote.W3CHandshakeResponse.lambda$errorHandler$0(W3CHandshakeResponse.java:62)
at org.openqa.selenium.remote.HandshakeResponse.lambda$getResponseFunction$0(HandshakeResponse.java:30)
at org.openqa.selenium.remote.ProtocolHandshake.lambda$createSession$1(ProtocolHandshake.java:126)
at java.util.stream.ReferencePipeline$3$1.accept(ReferencePipeline.java:193)
at java.util.Spliterators$ArraySpliterator.tryAdvance(Spliterators.java:958)
at java.util.stream.ReferencePipeline.forEachWithCancel(ReferencePipeline.java:126)
at java.util.stream.AbstractPipeline.copyIntoWithCancel(AbstractPipeline.java:499)
at java.util.stream.AbstractPipeline.copyInto(AbstractPipeline.java:486)
at java.util.stream.AbstractPipeline.wrapAndCopyInto(AbstractPipeline.java:472)
at java.util.stream.FindOps$FindOp.evaluateSequential(FindOps.java:152)
at java.util.stream.AbstractPipeline.evaluate(AbstractPipeline.java:234)
at java.util.stream.ReferencePipeline.findFirst(ReferencePipeline.java:464)
at org.openqa.selenium.remote.ProtocolHandshake.createSession(ProtocolHandshake.java:128)
at org.openqa.selenium.remote.ProtocolHandshake.createSession(ProtocolHandshake.java:75)
at org.openqa.selenium.remote.HttpCommandExecutor.execute(HttpCommandExecutor.java:139)
at org.openqa.selenium.remote.service.DriverCommandExecutor.execute(DriverCommandExecutor.java:83)
at org.openqa.selenium.remote.RemoteWebDriver.execute(RemoteWebDriver.java:582)
at org.openqa.selenium.remote.RemoteWebDriver.startSession(RemoteWebDriver.java:216)
at org.openqa.selenium.remote.RemoteWebDriver.<init>(RemoteWebDriver.java:136)
at org.openqa.selenium.chromium.ChromiumDriver.<init>(ChromiumDriver.java:75)
at org.openqa.selenium.chrome.ChromeDriver.<init>(ChromeDriver.java:163)
at org.openqa.selenium.chrome.ChromeDriver.<init>(ChromeDriver.java:150)
at org.openqa.selenium.chrome.ChromeDriver.<init>(ChromeDriver.java:139)
at base.Base.setUp(Base.java:73)
at sun.reflect.NativeMethodAccessorImpl.invoke0(Native Method)
at sun.reflect.NativeMethodAccessorImpl.invoke(NativeMethodAccessorImpl.java:62)
at sun.reflect.DelegatingMethodAccessorImpl.invoke(DelegatingMethodAccessorImpl.java:43)
at java.lang.reflect.Method.invoke(Method.java:498)
at org.testng.internal.MethodInvocationHelper.invokeMethod(MethodInvocationHelper.java:133)
at org.testng.internal.MethodInvocationHelper.invokeMethodConsideringTimeout(MethodInvocationHelper.java:62)
at org.testng.internal.ConfigInvoker.invokeConfigurationMethod(ConfigInvoker.java:385)
at org.testng.internal.ConfigInvoker.invokeConfigurations(ConfigInvoker.java:321)
at org.testng.SuiteRunner.privateRun(SuiteRunner.java:317)
at org.testng.SuiteRunner.run(SuiteRunner.java:276)
at org.testng.SuiteRunnerWorker.runSuite(SuiteRunnerWorker.java:53)
at org.testng.SuiteRunnerWorker.run(SuiteRunnerWorker.java:96)
at org.testng.TestNG.runSuitesSequentially(TestNG.java:1212)
at org.testng.TestNG.runSuitesLocally(TestNG.java:1134)
at org.testng.TestNG.runSuites(TestNG.java:1063)
at org.testng.TestNG.run(TestNG.java:1031)
at org.testng.remote.AbstractRemoteTestNG.run(AbstractRemoteTestNG.java:115)
at org.testng.remote.RemoteTestNG.initAndRun(RemoteTestNG.java:251)
at org.testng.remote.RemoteTestNG.main(RemoteTestNG.java:77)
]]>
            </full-stacktrace>
          </exception> <!-- org.openqa.selenium.InvalidArgumentException -->
          <reporter-output>
          </reporter-output>
        </test-method> <!-- runScenario -->
        <test-method status="SKIP" signature="runScenario(io.cucumber.testng.PickleWrapper,io.cucumber.testng.FeatureWrapper)[pri:0, instance:Testsuit.leadTest@77a57272]" name="runScenario" duration-ms="0" started-at="2021-08-06T11:29:34 IST" description="Runs Cucumber Scenarios" data-provider="scenarios" finished-at="2021-08-06T11:29:34 IST">
          <params>
            <param index="0">
              <value>
                <![CDATA["convert lead to contact"]]>
              </value>
            </param>
            <param index="1">
              <value>
                <![CDATA["Optional[Create new lead]"]]>
              </value>
            </param>
          </params>
          <exception class="org.openqa.selenium.InvalidArgumentException">
            <message>
              <![CDATA[invalid argument: entry 0 of 'firstMatch' is invalid
from invalid argument: cannot parse capability: goog:chromeOptions
from invalid argument: unrecognized chrome option: credentials_enable_service
Build info: version: '4.0.0-alpha-5', revision: 'b3a0d621cc'
System info: host: 'DESKTOP-8G3MUB9', ip: '192.168.0.105', os.name: 'Windows 10', os.arch: 'amd64', os.version: '10.0', java.version: '1.8.0_261'
Driver info: driver.version: ChromeDriver
remote stacktrace: Backtrace:
Ordinal0 [0x00452A33+2501171]
Ordinal0 [0x003ED1C1+2085313]
Ordinal0 [0x002F1FA8+1056680]
Ordinal0 [0x003069D8+1141208]
Ordinal0 [0x00309284+1151620]
Ordinal0 [0x003035E2+1127906]
Ordinal0 [0x00338A33+1346099]
Ordinal0 [0x0033850F+1344783]
Ordinal0 [0x00339785+1349509]
Ordinal0 [0x0033960A+1349130]
Ordinal0 [0x0033551B+1332507]
Ordinal0 [0x00311D74+1187188]
Ordinal0 [0x00312BD9+1190873]
GetHandleVerifier [0x005CEFE6+1504438]
GetHandleVerifier [0x0067DDA5+2220661]
GetHandleVerifier [0x004D5589+481881]
GetHandleVerifier [0x004D4639+477961]
Ordinal0 [0x003F28BD+2107581]
Ordinal0 [0x003F6728+2123560]
Ordinal0 [0x003F6862+2123874]
Ordinal0 [0x003FFA81+2161281]
BaseThreadInitThunk [0x771D6359+25]
RtlGetAppContainerNamedObjectPath [0x776A87A4+228]
RtlGetAppContainerNamedObjectPath [0x776A8774+180]
]]>
            </message>
            <full-stacktrace>
              <![CDATA[org.openqa.selenium.InvalidArgumentException: invalid argument: entry 0 of 'firstMatch' is invalid
from invalid argument: cannot parse capability: goog:chromeOptions
from invalid argument: unrecognized chrome option: credentials_enable_service
Build info: version: '4.0.0-alpha-5', revision: 'b3a0d621cc'
System info: host: 'DESKTOP-8G3MUB9', ip: '192.168.0.105', os.name: 'Windows 10', os.arch: 'amd64', os.version: '10.0', java.version: '1.8.0_261'
Driver info: driver.version: ChromeDriver
remote stacktrace: Backtrace:
Ordinal0 [0x00452A33+2501171]
Ordinal0 [0x003ED1C1+2085313]
Ordinal0 [0x002F1FA8+1056680]
Ordinal0 [0x003069D8+1141208]
Ordinal0 [0x00309284+1151620]
Ordinal0 [0x003035E2+1127906]
Ordinal0 [0x00338A33+1346099]
Ordinal0 [0x0033850F+1344783]
Ordinal0 [0x00339785+1349509]
Ordinal0 [0x0033960A+1349130]
Ordinal0 [0x0033551B+1332507]
Ordinal0 [0x00311D74+1187188]
Ordinal0 [0x00312BD9+1190873]
GetHandleVerifier [0x005CEFE6+1504438]
GetHandleVerifier [0x0067DDA5+2220661]
GetHandleVerifier [0x004D5589+481881]
GetHandleVerifier [0x004D4639+477961]
Ordinal0 [0x003F28BD+2107581]
Ordinal0 [0x003F6728+2123560]
Ordinal0 [0x003F6862+2123874]
Ordinal0 [0x003FFA81+2161281]
BaseThreadInitThunk [0x771D6359+25]
RtlGetAppContainerNamedObjectPath [0x776A87A4+228]
RtlGetAppContainerNamedObjectPath [0x776A8774+180]

at sun.reflect.NativeConstructorAccessorImpl.newInstance0(Native Method)
at sun.reflect.NativeConstructorAccessorImpl.newInstance(NativeConstructorAccessorImpl.java:62)
at sun.reflect.DelegatingConstructorAccessorImpl.newInstance(DelegatingConstructorAccessorImpl.java:45)
at java.lang.reflect.Constructor.newInstance(Constructor.java:423)
at org.openqa.selenium.remote.W3CHandshakeResponse.lambda$errorHandler$0(W3CHandshakeResponse.java:62)
at org.openqa.selenium.remote.HandshakeResponse.lambda$getResponseFunction$0(HandshakeResponse.java:30)
at org.openqa.selenium.remote.ProtocolHandshake.lambda$createSession$1(ProtocolHandshake.java:126)
at java.util.stream.ReferencePipeline$3$1.accept(ReferencePipeline.java:193)
at java.util.Spliterators$ArraySpliterator.tryAdvance(Spliterators.java:958)
at java.util.stream.ReferencePipeline.forEachWithCancel(ReferencePipeline.java:126)
at java.util.stream.AbstractPipeline.copyIntoWithCancel(AbstractPipeline.java:499)
at java.util.stream.AbstractPipeline.copyInto(AbstractPipeline.java:486)
at java.util.stream.AbstractPipeline.wrapAndCopyInto(AbstractPipeline.java:472)
at java.util.stream.FindOps$FindOp.evaluateSequential(FindOps.java:152)
at java.util.stream.AbstractPipeline.evaluate(AbstractPipeline.java:234)
at java.util.stream.ReferencePipeline.findFirst(ReferencePipeline.java:464)
at org.openqa.selenium.remote.ProtocolHandshake.createSession(ProtocolHandshake.java:128)
at org.openqa.selenium.remote.ProtocolHandshake.createSession(ProtocolHandshake.java:75)
at org.openqa.selenium.remote.HttpCommandExecutor.execute(HttpCommandExecutor.java:139)
at org.openqa.selenium.remote.service.DriverCommandExecutor.execute(DriverCommandExecutor.java:83)
at org.openqa.selenium.remote.RemoteWebDriver.execute(RemoteWebDriver.java:582)
at org.openqa.selenium.remote.RemoteWebDriver.startSession(RemoteWebDriver.java:216)
at org.openqa.selenium.remote.RemoteWebDriver.<init>(RemoteWebDriver.java:136)
at org.openqa.selenium.chromium.ChromiumDriver.<init>(ChromiumDriver.java:75)
at org.openqa.selenium.chrome.ChromeDriver.<init>(ChromeDriver.java:163)
at org.openqa.selenium.chrome.ChromeDriver.<init>(ChromeDriver.java:150)
at org.openqa.selenium.chrome.ChromeDriver.<init>(ChromeDriver.java:139)
at base.Base.setUp(Base.java:73)
at sun.reflect.NativeMethodAccessorImpl.invoke0(Native Method)
at sun.reflect.NativeMethodAccessorImpl.invoke(NativeMethodAccessorImpl.java:62)
at sun.reflect.DelegatingMethodAccessorImpl.invoke(DelegatingMethodAccessorImpl.java:43)
at java.lang.reflect.Method.invoke(Method.java:498)
at org.testng.internal.MethodInvocationHelper.invokeMethod(MethodInvocationHelper.java:133)
at org.testng.internal.MethodInvocationHelper.invokeMethodConsideringTimeout(MethodInvocationHelper.java:62)
at org.testng.internal.ConfigInvoker.invokeConfigurationMethod(ConfigInvoker.java:385)
at org.testng.internal.ConfigInvoker.invokeConfigurations(ConfigInvoker.java:321)
at org.testng.SuiteRunner.privateRun(SuiteRunner.java:317)
at org.testng.SuiteRunner.run(SuiteRunner.java:276)
at org.testng.SuiteRunnerWorker.runSuite(SuiteRunnerWorker.java:53)
at org.testng.SuiteRunnerWorker.run(SuiteRunnerWorker.java:96)
at org.testng.TestNG.runSuitesSequentially(TestNG.java:1212)
at org.testng.TestNG.runSuitesLocally(TestNG.java:1134)
at org.testng.TestNG.runSuites(TestNG.java:1063)
at org.testng.TestNG.run(TestNG.java:1031)
at org.testng.remote.AbstractRemoteTestNG.run(AbstractRemoteTestNG.java:115)
at org.testng.remote.RemoteTestNG.initAndRun(RemoteTestNG.java:251)
at org.testng.remote.RemoteTestNG.main(RemoteTestNG.java:77)
]]>
            </full-stacktrace>
          </exception> <!-- org.openqa.selenium.InvalidArgumentException -->
          <reporter-output>
          </reporter-output>
        </test-method> <!-- runScenario -->
        <test-method status="PASS" signature="tearDownClass()[pri:0, instance:Testsuit.leadTest@77a57272]" name="tearDownClass" is-config="true" duration-ms="60" started-at="2021-08-06T11:29:34 IST" finished-at="2021-08-06T11:29:34 IST">
          <reporter-output>
          </reporter-output>
        </test-method> <!-- tearDownClass -->
      </class> <!-- Testsuit.leadTest -->
      <class name="Testsuit.webtoleadformtest">
        <test-method status="PASS" signature="setUpClass()[pri:0, instance:Testsuit.webtoleadformtest@6e2c9341]" name="setUpClass" is-config="true" duration-ms="49" started-at="2021-08-06T11:29:34 IST" finished-at="2021-08-06T11:29:34 IST">
          <reporter-output>
          </reporter-output>
        </test-method> <!-- setUpClass -->
        <test-method status="SKIP" signature="runScenario(io.cucumber.testng.PickleWrapper,io.cucumber.testng.FeatureWrapper)[pri:0, instance:Testsuit.webtoleadformtest@6e2c9341]" name="runScenario" duration-ms="0" started-at="2021-08-06T11:29:34 IST" description="Runs Cucumber Scenarios" data-provider="scenarios" finished-at="2021-08-06T11:29:34 IST">
          <params>
            <param index="0">
              <value>
                <![CDATA["add values to webtoleadform"]]>
              </value>
            </param>
            <param index="1">
              <value>
                <![CDATA["Optional[webtoLead form]"]]>
              </value>
            </param>
          </params>
          <exception class="org.openqa.selenium.InvalidArgumentException">
            <message>
              <![CDATA[invalid argument: entry 0 of 'firstMatch' is invalid
from invalid argument: cannot parse capability: goog:chromeOptions
from invalid argument: unrecognized chrome option: credentials_enable_service
Build info: version: '4.0.0-alpha-5', revision: 'b3a0d621cc'
System info: host: 'DESKTOP-8G3MUB9', ip: '192.168.0.105', os.name: 'Windows 10', os.arch: 'amd64', os.version: '10.0', java.version: '1.8.0_261'
Driver info: driver.version: ChromeDriver
remote stacktrace: Backtrace:
Ordinal0 [0x00452A33+2501171]
Ordinal0 [0x003ED1C1+2085313]
Ordinal0 [0x002F1FA8+1056680]
Ordinal0 [0x003069D8+1141208]
Ordinal0 [0x00309284+1151620]
Ordinal0 [0x003035E2+1127906]
Ordinal0 [0x00338A33+1346099]
Ordinal0 [0x0033850F+1344783]
Ordinal0 [0x00339785+1349509]
Ordinal0 [0x0033960A+1349130]
Ordinal0 [0x0033551B+1332507]
Ordinal0 [0x00311D74+1187188]
Ordinal0 [0x00312BD9+1190873]
GetHandleVerifier [0x005CEFE6+1504438]
GetHandleVerifier [0x0067DDA5+2220661]
GetHandleVerifier [0x004D5589+481881]
GetHandleVerifier [0x004D4639+477961]
Ordinal0 [0x003F28BD+2107581]
Ordinal0 [0x003F6728+2123560]
Ordinal0 [0x003F6862+2123874]
Ordinal0 [0x003FFA81+2161281]
BaseThreadInitThunk [0x771D6359+25]
RtlGetAppContainerNamedObjectPath [0x776A87A4+228]
RtlGetAppContainerNamedObjectPath [0x776A8774+180]
]]>
            </message>
            <full-stacktrace>
              <![CDATA[org.openqa.selenium.InvalidArgumentException: invalid argument: entry 0 of 'firstMatch' is invalid
from invalid argument: cannot parse capability: goog:chromeOptions
from invalid argument: unrecognized chrome option: credentials_enable_service
Build info: version: '4.0.0-alpha-5', revision: 'b3a0d621cc'
System info: host: 'DESKTOP-8G3MUB9', ip: '192.168.0.105', os.name: 'Windows 10', os.arch: 'amd64', os.version: '10.0', java.version: '1.8.0_261'
Driver info: driver.version: ChromeDriver
remote stacktrace: Backtrace:
Ordinal0 [0x00452A33+2501171]
Ordinal0 [0x003ED1C1+2085313]
Ordinal0 [0x002F1FA8+1056680]
Ordinal0 [0x003069D8+1141208]
Ordinal0 [0x00309284+1151620]
Ordinal0 [0x003035E2+1127906]
Ordinal0 [0x00338A33+1346099]
Ordinal0 [0x0033850F+1344783]
Ordinal0 [0x00339785+1349509]
Ordinal0 [0x0033960A+1349130]
Ordinal0 [0x0033551B+1332507]
Ordinal0 [0x00311D74+1187188]
Ordinal0 [0x00312BD9+1190873]
GetHandleVerifier [0x005CEFE6+1504438]
GetHandleVerifier [0x0067DDA5+2220661]
GetHandleVerifier [0x004D5589+481881]
GetHandleVerifier [0x004D4639+477961]
Ordinal0 [0x003F28BD+2107581]
Ordinal0 [0x003F6728+2123560]
Ordinal0 [0x003F6862+2123874]
Ordinal0 [0x003FFA81+2161281]
BaseThreadInitThunk [0x771D6359+25]
RtlGetAppContainerNamedObjectPath [0x776A87A4+228]
RtlGetAppContainerNamedObjectPath [0x776A8774+180]

at sun.reflect.NativeConstructorAccessorImpl.newInstance0(Native Method)
at sun.reflect.NativeConstructorAccessorImpl.newInstance(NativeConstructorAccessorImpl.java:62)
at sun.reflect.DelegatingConstructorAccessorImpl.newInstance(DelegatingConstructorAccessorImpl.java:45)
at java.lang.reflect.Constructor.newInstance(Constructor.java:423)
at org.openqa.selenium.remote.W3CHandshakeResponse.lambda$errorHandler$0(W3CHandshakeResponse.java:62)
at org.openqa.selenium.remote.HandshakeResponse.lambda$getResponseFunction$0(HandshakeResponse.java:30)
at org.openqa.selenium.remote.ProtocolHandshake.lambda$createSession$1(ProtocolHandshake.java:126)
at java.util.stream.ReferencePipeline$3$1.accept(ReferencePipeline.java:193)
at java.util.Spliterators$ArraySpliterator.tryAdvance(Spliterators.java:958)
at java.util.stream.ReferencePipeline.forEachWithCancel(ReferencePipeline.java:126)
at java.util.stream.AbstractPipeline.copyIntoWithCancel(AbstractPipeline.java:499)
at java.util.stream.AbstractPipeline.copyInto(AbstractPipeline.java:486)
at java.util.stream.AbstractPipeline.wrapAndCopyInto(AbstractPipeline.java:472)
at java.util.stream.FindOps$FindOp.evaluateSequential(FindOps.java:152)
at java.util.stream.AbstractPipeline.evaluate(AbstractPipeline.java:234)
at java.util.stream.ReferencePipeline.findFirst(ReferencePipeline.java:464)
at org.openqa.selenium.remote.ProtocolHandshake.createSession(ProtocolHandshake.java:128)
at org.openqa.selenium.remote.ProtocolHandshake.createSession(ProtocolHandshake.java:75)
at org.openqa.selenium.remote.HttpCommandExecutor.execute(HttpCommandExecutor.java:139)
at org.openqa.selenium.remote.service.DriverCommandExecutor.execute(DriverCommandExecutor.java:83)
at org.openqa.selenium.remote.RemoteWebDriver.execute(RemoteWebDriver.java:582)
at org.openqa.selenium.remote.RemoteWebDriver.startSession(RemoteWebDriver.java:216)
at org.openqa.selenium.remote.RemoteWebDriver.<init>(RemoteWebDriver.java:136)
at org.openqa.selenium.chromium.ChromiumDriver.<init>(ChromiumDriver.java:75)
at org.openqa.selenium.chrome.ChromeDriver.<init>(ChromeDriver.java:163)
at org.openqa.selenium.chrome.ChromeDriver.<init>(ChromeDriver.java:150)
at org.openqa.selenium.chrome.ChromeDriver.<init>(ChromeDriver.java:139)
at base.Base.setUp(Base.java:73)
at sun.reflect.NativeMethodAccessorImpl.invoke0(Native Method)
at sun.reflect.NativeMethodAccessorImpl.invoke(NativeMethodAccessorImpl.java:62)
at sun.reflect.DelegatingMethodAccessorImpl.invoke(DelegatingMethodAccessorImpl.java:43)
at java.lang.reflect.Method.invoke(Method.java:498)
at org.testng.internal.MethodInvocationHelper.invokeMethod(MethodInvocationHelper.java:133)
at org.testng.internal.MethodInvocationHelper.invokeMethodConsideringTimeout(MethodInvocationHelper.java:62)
at org.testng.internal.ConfigInvoker.invokeConfigurationMethod(ConfigInvoker.java:385)
at org.testng.internal.ConfigInvoker.invokeConfigurations(ConfigInvoker.java:321)
at org.testng.SuiteRunner.privateRun(SuiteRunner.java:317)
at org.testng.SuiteRunner.run(SuiteRunner.java:276)
at org.testng.SuiteRunnerWorker.runSuite(SuiteRunnerWorker.java:53)
at org.testng.SuiteRunnerWorker.run(SuiteRunnerWorker.java:96)
at org.testng.TestNG.runSuitesSequentially(TestNG.java:1212)
at org.testng.TestNG.runSuitesLocally(TestNG.java:1134)
at org.testng.TestNG.runSuites(TestNG.java:1063)
at org.testng.TestNG.run(TestNG.java:1031)
at org.testng.remote.AbstractRemoteTestNG.run(AbstractRemoteTestNG.java:115)
at org.testng.remote.RemoteTestNG.initAndRun(RemoteTestNG.java:251)
at org.testng.remote.RemoteTestNG.main(RemoteTestNG.java:77)
]]>
            </full-stacktrace>
          </exception> <!-- org.openqa.selenium.InvalidArgumentException -->
          <reporter-output>
          </reporter-output>
        </test-method> <!-- runScenario -->
        <test-method status="PASS" signature="tearDownClass()[pri:0, instance:Testsuit.webtoleadformtest@6e2c9341]" name="tearDownClass" is-config="true" duration-ms="49" started-at="2021-08-06T11:29:34 IST" finished-at="2021-08-06T11:29:34 IST">
          <reporter-output>
          </reporter-output>
        </test-method> <!-- tearDownClass -->
      </class> <!-- Testsuit.webtoleadformtest -->
      <class name="Testsuit.importest">
        <test-method status="PASS" signature="setUpClass()[pri:0, instance:Testsuit.importest@7181ae3f]" name="setUpClass" is-config="true" duration-ms="70" started-at="2021-08-06T11:29:34 IST" finished-at="2021-08-06T11:29:34 IST">
          <reporter-output>
          </reporter-output>
        </test-method> <!-- setUpClass -->
        <test-method status="SKIP" signature="runScenario(io.cucumber.testng.PickleWrapper,io.cucumber.testng.FeatureWrapper)[pri:0, instance:Testsuit.importest@7181ae3f]" name="runScenario" duration-ms="0" started-at="2021-08-06T11:29:34 IST" description="Runs Cucumber Scenarios" data-provider="scenarios" finished-at="2021-08-06T11:29:34 IST">
          <params>
            <param index="0">
              <value>
                <![CDATA["click on import"]]>
              </value>
            </param>
            <param index="1">
              <value>
                <![CDATA["Optional[import data to lead]"]]>
              </value>
            </param>
          </params>
          <exception class="org.openqa.selenium.InvalidArgumentException">
            <message>
              <![CDATA[invalid argument: entry 0 of 'firstMatch' is invalid
from invalid argument: cannot parse capability: goog:chromeOptions
from invalid argument: unrecognized chrome option: credentials_enable_service
Build info: version: '4.0.0-alpha-5', revision: 'b3a0d621cc'
System info: host: 'DESKTOP-8G3MUB9', ip: '192.168.0.105', os.name: 'Windows 10', os.arch: 'amd64', os.version: '10.0', java.version: '1.8.0_261'
Driver info: driver.version: ChromeDriver
remote stacktrace: Backtrace:
Ordinal0 [0x00452A33+2501171]
Ordinal0 [0x003ED1C1+2085313]
Ordinal0 [0x002F1FA8+1056680]
Ordinal0 [0x003069D8+1141208]
Ordinal0 [0x00309284+1151620]
Ordinal0 [0x003035E2+1127906]
Ordinal0 [0x00338A33+1346099]
Ordinal0 [0x0033850F+1344783]
Ordinal0 [0x00339785+1349509]
Ordinal0 [0x0033960A+1349130]
Ordinal0 [0x0033551B+1332507]
Ordinal0 [0x00311D74+1187188]
Ordinal0 [0x00312BD9+1190873]
GetHandleVerifier [0x005CEFE6+1504438]
GetHandleVerifier [0x0067DDA5+2220661]
GetHandleVerifier [0x004D5589+481881]
GetHandleVerifier [0x004D4639+477961]
Ordinal0 [0x003F28BD+2107581]
Ordinal0 [0x003F6728+2123560]
Ordinal0 [0x003F6862+2123874]
Ordinal0 [0x003FFA81+2161281]
BaseThreadInitThunk [0x771D6359+25]
RtlGetAppContainerNamedObjectPath [0x776A87A4+228]
RtlGetAppContainerNamedObjectPath [0x776A8774+180]
]]>
            </message>
            <full-stacktrace>
              <![CDATA[org.openqa.selenium.InvalidArgumentException: invalid argument: entry 0 of 'firstMatch' is invalid
from invalid argument: cannot parse capability: goog:chromeOptions
from invalid argument: unrecognized chrome option: credentials_enable_service
Build info: version: '4.0.0-alpha-5', revision: 'b3a0d621cc'
System info: host: 'DESKTOP-8G3MUB9', ip: '192.168.0.105', os.name: 'Windows 10', os.arch: 'amd64', os.version: '10.0', java.version: '1.8.0_261'
Driver info: driver.version: ChromeDriver
remote stacktrace: Backtrace:
Ordinal0 [0x00452A33+2501171]
Ordinal0 [0x003ED1C1+2085313]
Ordinal0 [0x002F1FA8+1056680]
Ordinal0 [0x003069D8+1141208]
Ordinal0 [0x00309284+1151620]
Ordinal0 [0x003035E2+1127906]
Ordinal0 [0x00338A33+1346099]
Ordinal0 [0x0033850F+1344783]
Ordinal0 [0x00339785+1349509]
Ordinal0 [0x0033960A+1349130]
Ordinal0 [0x0033551B+1332507]
Ordinal0 [0x00311D74+1187188]
Ordinal0 [0x00312BD9+1190873]
GetHandleVerifier [0x005CEFE6+1504438]
GetHandleVerifier [0x0067DDA5+2220661]
GetHandleVerifier [0x004D5589+481881]
GetHandleVerifier [0x004D4639+477961]
Ordinal0 [0x003F28BD+2107581]
Ordinal0 [0x003F6728+2123560]
Ordinal0 [0x003F6862+2123874]
Ordinal0 [0x003FFA81+2161281]
BaseThreadInitThunk [0x771D6359+25]
RtlGetAppContainerNamedObjectPath [0x776A87A4+228]
RtlGetAppContainerNamedObjectPath [0x776A8774+180]

at sun.reflect.NativeConstructorAccessorImpl.newInstance0(Native Method)
at sun.reflect.NativeConstructorAccessorImpl.newInstance(NativeConstructorAccessorImpl.java:62)
at sun.reflect.DelegatingConstructorAccessorImpl.newInstance(DelegatingConstructorAccessorImpl.java:45)
at java.lang.reflect.Constructor.newInstance(Constructor.java:423)
at org.openqa.selenium.remote.W3CHandshakeResponse.lambda$errorHandler$0(W3CHandshakeResponse.java:62)
at org.openqa.selenium.remote.HandshakeResponse.lambda$getResponseFunction$0(HandshakeResponse.java:30)
at org.openqa.selenium.remote.ProtocolHandshake.lambda$createSession$1(ProtocolHandshake.java:126)
at java.util.stream.ReferencePipeline$3$1.accept(ReferencePipeline.java:193)
at java.util.Spliterators$ArraySpliterator.tryAdvance(Spliterators.java:958)
at java.util.stream.ReferencePipeline.forEachWithCancel(ReferencePipeline.java:126)
at java.util.stream.AbstractPipeline.copyIntoWithCancel(AbstractPipeline.java:499)
at java.util.stream.AbstractPipeline.copyInto(AbstractPipeline.java:486)
at java.util.stream.AbstractPipeline.wrapAndCopyInto(AbstractPipeline.java:472)
at java.util.stream.FindOps$FindOp.evaluateSequential(FindOps.java:152)
at java.util.stream.AbstractPipeline.evaluate(AbstractPipeline.java:234)
at java.util.stream.ReferencePipeline.findFirst(ReferencePipeline.java:464)
at org.openqa.selenium.remote.ProtocolHandshake.createSession(ProtocolHandshake.java:128)
at org.openqa.selenium.remote.ProtocolHandshake.createSession(ProtocolHandshake.java:75)
at org.openqa.selenium.remote.HttpCommandExecutor.execute(HttpCommandExecutor.java:139)
at org.openqa.selenium.remote.service.DriverCommandExecutor.execute(DriverCommandExecutor.java:83)
at org.openqa.selenium.remote.RemoteWebDriver.execute(RemoteWebDriver.java:582)
at org.openqa.selenium.remote.RemoteWebDriver.startSession(RemoteWebDriver.java:216)
at org.openqa.selenium.remote.RemoteWebDriver.<init>(RemoteWebDriver.java:136)
at org.openqa.selenium.chromium.ChromiumDriver.<init>(ChromiumDriver.java:75)
at org.openqa.selenium.chrome.ChromeDriver.<init>(ChromeDriver.java:163)
at org.openqa.selenium.chrome.ChromeDriver.<init>(ChromeDriver.java:150)
at org.openqa.selenium.chrome.ChromeDriver.<init>(ChromeDriver.java:139)
at base.Base.setUp(Base.java:73)
at sun.reflect.NativeMethodAccessorImpl.invoke0(Native Method)
at sun.reflect.NativeMethodAccessorImpl.invoke(NativeMethodAccessorImpl.java:62)
at sun.reflect.DelegatingMethodAccessorImpl.invoke(DelegatingMethodAccessorImpl.java:43)
at java.lang.reflect.Method.invoke(Method.java:498)
at org.testng.internal.MethodInvocationHelper.invokeMethod(MethodInvocationHelper.java:133)
at org.testng.internal.MethodInvocationHelper.invokeMethodConsideringTimeout(MethodInvocationHelper.java:62)
at org.testng.internal.ConfigInvoker.invokeConfigurationMethod(ConfigInvoker.java:385)
at org.testng.internal.ConfigInvoker.invokeConfigurations(ConfigInvoker.java:321)
at org.testng.SuiteRunner.privateRun(SuiteRunner.java:317)
at org.testng.SuiteRunner.run(SuiteRunner.java:276)
at org.testng.SuiteRunnerWorker.runSuite(SuiteRunnerWorker.java:53)
at org.testng.SuiteRunnerWorker.run(SuiteRunnerWorker.java:96)
at org.testng.TestNG.runSuitesSequentially(TestNG.java:1212)
at org.testng.TestNG.runSuitesLocally(TestNG.java:1134)
at org.testng.TestNG.runSuites(TestNG.java:1063)
at org.testng.TestNG.run(TestNG.java:1031)
at org.testng.remote.AbstractRemoteTestNG.run(AbstractRemoteTestNG.java:115)
at org.testng.remote.RemoteTestNG.initAndRun(RemoteTestNG.java:251)
at org.testng.remote.RemoteTestNG.main(RemoteTestNG.java:77)
]]>
            </full-stacktrace>
          </exception> <!-- org.openqa.selenium.InvalidArgumentException -->
          <reporter-output>
          </reporter-output>
        </test-method> <!-- runScenario -->
        <test-method status="PASS" signature="tearDownClass()[pri:0, instance:Testsuit.importest@7181ae3f]" name="tearDownClass" is-config="true" duration-ms="71" started-at="2021-08-06T11:29:34 IST" finished-at="2021-08-06T11:29:34 IST">
          <reporter-output>
          </reporter-output>
        </test-method> <!-- tearDownClass -->
      </class> <!-- Testsuit.importest -->
      <class name="base.Base">
        <test-method status="FAIL" signature="setUp()[pri:0, instance:base.Base@74294adb]" name="setUp" is-config="true" duration-ms="4162" started-at="2021-08-06T11:29:28 IST" finished-at="2021-08-06T11:29:32 IST">
          <exception class="org.openqa.selenium.InvalidArgumentException">
            <message>
              <![CDATA[invalid argument: entry 0 of 'firstMatch' is invalid
from invalid argument: cannot parse capability: goog:chromeOptions
from invalid argument: unrecognized chrome option: credentials_enable_service
Build info: version: '4.0.0-alpha-5', revision: 'b3a0d621cc'
System info: host: 'DESKTOP-8G3MUB9', ip: '192.168.0.105', os.name: 'Windows 10', os.arch: 'amd64', os.version: '10.0', java.version: '1.8.0_261'
Driver info: driver.version: ChromeDriver
remote stacktrace: Backtrace:
Ordinal0 [0x00452A33+2501171]
Ordinal0 [0x003ED1C1+2085313]
Ordinal0 [0x002F1FA8+1056680]
Ordinal0 [0x003069D8+1141208]
Ordinal0 [0x00309284+1151620]
Ordinal0 [0x003035E2+1127906]
Ordinal0 [0x00338A33+1346099]
Ordinal0 [0x0033850F+1344783]
Ordinal0 [0x00339785+1349509]
Ordinal0 [0x0033960A+1349130]
Ordinal0 [0x0033551B+1332507]
Ordinal0 [0x00311D74+1187188]
Ordinal0 [0x00312BD9+1190873]
GetHandleVerifier [0x005CEFE6+1504438]
GetHandleVerifier [0x0067DDA5+2220661]
GetHandleVerifier [0x004D5589+481881]
GetHandleVerifier [0x004D4639+477961]
Ordinal0 [0x003F28BD+2107581]
Ordinal0 [0x003F6728+2123560]
Ordinal0 [0x003F6862+2123874]
Ordinal0 [0x003FFA81+2161281]
BaseThreadInitThunk [0x771D6359+25]
RtlGetAppContainerNamedObjectPath [0x776A87A4+228]
RtlGetAppContainerNamedObjectPath [0x776A8774+180]
]]>
            </message>
            <full-stacktrace>
              <![CDATA[org.openqa.selenium.InvalidArgumentException: invalid argument: entry 0 of 'firstMatch' is invalid
from invalid argument: cannot parse capability: goog:chromeOptions
from invalid argument: unrecognized chrome option: credentials_enable_service
Build info: version: '4.0.0-alpha-5', revision: 'b3a0d621cc'
System info: host: 'DESKTOP-8G3MUB9', ip: '192.168.0.105', os.name: 'Windows 10', os.arch: 'amd64', os.version: '10.0', java.version: '1.8.0_261'
Driver info: driver.version: ChromeDriver
remote stacktrace: Backtrace:
Ordinal0 [0x00452A33+2501171]
Ordinal0 [0x003ED1C1+2085313]
Ordinal0 [0x002F1FA8+1056680]
Ordinal0 [0x003069D8+1141208]
Ordinal0 [0x00309284+1151620]
Ordinal0 [0x003035E2+1127906]
Ordinal0 [0x00338A33+1346099]
Ordinal0 [0x0033850F+1344783]
Ordinal0 [0x00339785+1349509]
Ordinal0 [0x0033960A+1349130]
Ordinal0 [0x0033551B+1332507]
Ordinal0 [0x00311D74+1187188]
Ordinal0 [0x00312BD9+1190873]
GetHandleVerifier [0x005CEFE6+1504438]
GetHandleVerifier [0x0067DDA5+2220661]
GetHandleVerifier [0x004D5589+481881]
GetHandleVerifier [0x004D4639+477961]
Ordinal0 [0x003F28BD+2107581]
Ordinal0 [0x003F6728+2123560]
Ordinal0 [0x003F6862+2123874]
Ordinal0 [0x003FFA81+2161281]
BaseThreadInitThunk [0x771D6359+25]
RtlGetAppContainerNamedObjectPath [0x776A87A4+228]
RtlGetAppContainerNamedObjectPath [0x776A8774+180]

at sun.reflect.NativeConstructorAccessorImpl.newInstance0(Native Method)
at sun.reflect.NativeConstructorAccessorImpl.newInstance(NativeConstructorAccessorImpl.java:62)
at sun.reflect.DelegatingConstructorAccessorImpl.newInstance(DelegatingConstructorAccessorImpl.java:45)
at java.lang.reflect.Constructor.newInstance(Constructor.java:423)
at org.openqa.selenium.remote.W3CHandshakeResponse.lambda$errorHandler$0(W3CHandshakeResponse.java:62)
at org.openqa.selenium.remote.HandshakeResponse.lambda$getResponseFunction$0(HandshakeResponse.java:30)
at org.openqa.selenium.remote.ProtocolHandshake.lambda$createSession$1(ProtocolHandshake.java:126)
at java.util.stream.ReferencePipeline$3$1.accept(ReferencePipeline.java:193)
at java.util.Spliterators$ArraySpliterator.tryAdvance(Spliterators.java:958)
at java.util.stream.ReferencePipeline.forEachWithCancel(ReferencePipeline.java:126)
at java.util.stream.AbstractPipeline.copyIntoWithCancel(AbstractPipeline.java:499)
at java.util.stream.AbstractPipeline.copyInto(AbstractPipeline.java:486)
at java.util.stream.AbstractPipeline.wrapAndCopyInto(AbstractPipeline.java:472)
at java.util.stream.FindOps$FindOp.evaluateSequential(FindOps.java:152)
at java.util.stream.AbstractPipeline.evaluate(AbstractPipeline.java:234)
at java.util.stream.ReferencePipeline.findFirst(ReferencePipeline.java:464)
at org.openqa.selenium.remote.ProtocolHandshake.createSession(ProtocolHandshake.java:128)
at org.openqa.selenium.remote.ProtocolHandshake.createSession(ProtocolHandshake.java:75)
at org.openqa.selenium.remote.HttpCommandExecutor.execute(HttpCommandExecutor.java:139)
at org.openqa.selenium.remote.service.DriverCommandExecutor.execute(DriverCommandExecutor.java:83)
at org.openqa.selenium.remote.RemoteWebDriver.execute(RemoteWebDriver.java:582)
at org.openqa.selenium.remote.RemoteWebDriver.startSession(RemoteWebDriver.java:216)
at org.openqa.selenium.remote.RemoteWebDriver.<init>(RemoteWebDriver.java:136)
at org.openqa.selenium.chromium.ChromiumDriver.<init>(ChromiumDriver.java:75)
at org.openqa.selenium.chrome.ChromeDriver.<init>(ChromeDriver.java:163)
at org.openqa.selenium.chrome.ChromeDriver.<init>(ChromeDriver.java:150)
at org.openqa.selenium.chrome.ChromeDriver.<init>(ChromeDriver.java:139)
at base.Base.setUp(Base.java:73)
at sun.reflect.NativeMethodAccessorImpl.invoke0(Native Method)
at sun.reflect.NativeMethodAccessorImpl.invoke(NativeMethodAccessorImpl.java:62)
at sun.reflect.DelegatingMethodAccessorImpl.invoke(DelegatingMethodAccessorImpl.java:43)
at java.lang.reflect.Method.invoke(Method.java:498)
at org.testng.internal.MethodInvocationHelper.invokeMethod(MethodInvocationHelper.java:133)
at org.testng.internal.MethodInvocationHelper.invokeMethodConsideringTimeout(MethodInvocationHelper.java:62)
at org.testng.internal.ConfigInvoker.invokeConfigurationMethod(ConfigInvoker.java:385)
at org.testng.internal.ConfigInvoker.invokeConfigurations(ConfigInvoker.java:321)
at org.testng.SuiteRunner.privateRun(SuiteRunner.java:317)
at org.testng.SuiteRunner.run(SuiteRunner.java:276)
at org.testng.SuiteRunnerWorker.runSuite(SuiteRunnerWorker.java:53)
at org.testng.SuiteRunnerWorker.run(SuiteRunnerWorker.java:96)
at org.testng.TestNG.runSuitesSequentially(TestNG.java:1212)
at org.testng.TestNG.runSuitesLocally(TestNG.java:1134)
at org.testng.TestNG.runSuites(TestNG.java:1063)
at org.testng.TestNG.run(TestNG.java:1031)
at org.testng.remote.AbstractRemoteTestNG.run(AbstractRemoteTestNG.java:115)
at org.testng.remote.RemoteTestNG.initAndRun(RemoteTestNG.java:251)
at org.testng.remote.RemoteTestNG.main(RemoteTestNG.java:77)
]]>
            </full-stacktrace>
          </exception> <!-- org.openqa.selenium.InvalidArgumentException -->
          <reporter-output>
          </reporter-output>
        </test-method> <!-- setUp -->
        <test-method status="SKIP" signature="teadDown()[pri:0, instance:base.Base@74294adb]" name="teadDown" is-config="true" duration-ms="-1628229574717" started-at="2021-08-06T11:29:34 IST" finished-at="1970-01-01T05:30:00 IST">
          <reporter-output>
          </reporter-output>
        </test-method> <!-- teadDown -->
      </class> <!-- base.Base -->
      <class name="Testsuit.LoginTest">
        <test-method status="PASS" signature="setUpClass()[pri:0, instance:Testsuit.LoginTest@33b37288]" name="setUpClass" is-config="true" duration-ms="991" started-at="2021-08-06T11:29:32 IST" finished-at="2021-08-06T11:29:33 IST">
          <reporter-output>
          </reporter-output>
        </test-method> <!-- setUpClass -->
        <test-method status="SKIP" signature="runScenario(io.cucumber.testng.PickleWrapper,io.cucumber.testng.FeatureWrapper)[pri:0, instance:Testsuit.LoginTest@33b37288]" name="runScenario" duration-ms="0" started-at="2021-08-06T11:29:33 IST" description="Runs Cucumber Scenarios" data-provider="scenarios" finished-at="2021-08-06T11:29:33 IST">
          <params>
            <param index="0">
              <value>
                <![CDATA["Login into SalesForce"]]>
              </value>
            </param>
            <param index="1">
              <value>
                <![CDATA["Optional[check the Login]"]]>
              </value>
            </param>
          </params>
          <exception class="org.openqa.selenium.InvalidArgumentException">
            <message>
              <![CDATA[invalid argument: entry 0 of 'firstMatch' is invalid
from invalid argument: cannot parse capability: goog:chromeOptions
from invalid argument: unrecognized chrome option: credentials_enable_service
Build info: version: '4.0.0-alpha-5', revision: 'b3a0d621cc'
System info: host: 'DESKTOP-8G3MUB9', ip: '192.168.0.105', os.name: 'Windows 10', os.arch: 'amd64', os.version: '10.0', java.version: '1.8.0_261'
Driver info: driver.version: ChromeDriver
remote stacktrace: Backtrace:
Ordinal0 [0x00452A33+2501171]
Ordinal0 [0x003ED1C1+2085313]
Ordinal0 [0x002F1FA8+1056680]
Ordinal0 [0x003069D8+1141208]
Ordinal0 [0x00309284+1151620]
Ordinal0 [0x003035E2+1127906]
Ordinal0 [0x00338A33+1346099]
Ordinal0 [0x0033850F+1344783]
Ordinal0 [0x00339785+1349509]
Ordinal0 [0x0033960A+1349130]
Ordinal0 [0x0033551B+1332507]
Ordinal0 [0x00311D74+1187188]
Ordinal0 [0x00312BD9+1190873]
GetHandleVerifier [0x005CEFE6+1504438]
GetHandleVerifier [0x0067DDA5+2220661]
GetHandleVerifier [0x004D5589+481881]
GetHandleVerifier [0x004D4639+477961]
Ordinal0 [0x003F28BD+2107581]
Ordinal0 [0x003F6728+2123560]
Ordinal0 [0x003F6862+2123874]
Ordinal0 [0x003FFA81+2161281]
BaseThreadInitThunk [0x771D6359+25]
RtlGetAppContainerNamedObjectPath [0x776A87A4+228]
RtlGetAppContainerNamedObjectPath [0x776A8774+180]
]]>
            </message>
            <full-stacktrace>
              <![CDATA[org.openqa.selenium.InvalidArgumentException: invalid argument: entry 0 of 'firstMatch' is invalid
from invalid argument: cannot parse capability: goog:chromeOptions
from invalid argument: unrecognized chrome option: credentials_enable_service
Build info: version: '4.0.0-alpha-5', revision: 'b3a0d621cc'
System info: host: 'DESKTOP-8G3MUB9', ip: '192.168.0.105', os.name: 'Windows 10', os.arch: 'amd64', os.version: '10.0', java.version: '1.8.0_261'
Driver info: driver.version: ChromeDriver
remote stacktrace: Backtrace:
Ordinal0 [0x00452A33+2501171]
Ordinal0 [0x003ED1C1+2085313]
Ordinal0 [0x002F1FA8+1056680]
Ordinal0 [0x003069D8+1141208]
Ordinal0 [0x00309284+1151620]
Ordinal0 [0x003035E2+1127906]
Ordinal0 [0x00338A33+1346099]
Ordinal0 [0x0033850F+1344783]
Ordinal0 [0x00339785+1349509]
Ordinal0 [0x0033960A+1349130]
Ordinal0 [0x0033551B+1332507]
Ordinal0 [0x00311D74+1187188]
Ordinal0 [0x00312BD9+1190873]
GetHandleVerifier [0x005CEFE6+1504438]
GetHandleVerifier [0x0067DDA5+2220661]
GetHandleVerifier [0x004D5589+481881]
GetHandleVerifier [0x004D4639+477961]
Ordinal0 [0x003F28BD+2107581]
Ordinal0 [0x003F6728+2123560]
Ordinal0 [0x003F6862+2123874]
Ordinal0 [0x003FFA81+2161281]
BaseThreadInitThunk [0x771D6359+25]
RtlGetAppContainerNamedObjectPath [0x776A87A4+228]
RtlGetAppContainerNamedObjectPath [0x776A8774+180]

at sun.reflect.NativeConstructorAccessorImpl.newInstance0(Native Method)
at sun.reflect.NativeConstructorAccessorImpl.newInstance(NativeConstructorAccessorImpl.java:62)
at sun.reflect.DelegatingConstructorAccessorImpl.newInstance(DelegatingConstructorAccessorImpl.java:45)
at java.lang.reflect.Constructor.newInstance(Constructor.java:423)
at org.openqa.selenium.remote.W3CHandshakeResponse.lambda$errorHandler$0(W3CHandshakeResponse.java:62)
at org.openqa.selenium.remote.HandshakeResponse.lambda$getResponseFunction$0(HandshakeResponse.java:30)
at org.openqa.selenium.remote.ProtocolHandshake.lambda$createSession$1(ProtocolHandshake.java:126)
at java.util.stream.ReferencePipeline$3$1.accept(ReferencePipeline.java:193)
at java.util.Spliterators$ArraySpliterator.tryAdvance(Spliterators.java:958)
at java.util.stream.ReferencePipeline.forEachWithCancel(ReferencePipeline.java:126)
at java.util.stream.AbstractPipeline.copyIntoWithCancel(AbstractPipeline.java:499)
at java.util.stream.AbstractPipeline.copyInto(AbstractPipeline.java:486)
at java.util.stream.AbstractPipeline.wrapAndCopyInto(AbstractPipeline.java:472)
at java.util.stream.FindOps$FindOp.evaluateSequential(FindOps.java:152)
at java.util.stream.AbstractPipeline.evaluate(AbstractPipeline.java:234)
at java.util.stream.ReferencePipeline.findFirst(ReferencePipeline.java:464)
at org.openqa.selenium.remote.ProtocolHandshake.createSession(ProtocolHandshake.java:128)
at org.openqa.selenium.remote.ProtocolHandshake.createSession(ProtocolHandshake.java:75)
at org.openqa.selenium.remote.HttpCommandExecutor.execute(HttpCommandExecutor.java:139)
at org.openqa.selenium.remote.service.DriverCommandExecutor.execute(DriverCommandExecutor.java:83)
at org.openqa.selenium.remote.RemoteWebDriver.execute(RemoteWebDriver.java:582)
at org.openqa.selenium.remote.RemoteWebDriver.startSession(RemoteWebDriver.java:216)
at org.openqa.selenium.remote.RemoteWebDriver.<init>(RemoteWebDriver.java:136)
at org.openqa.selenium.chromium.ChromiumDriver.<init>(ChromiumDriver.java:75)
at org.openqa.selenium.chrome.ChromeDriver.<init>(ChromeDriver.java:163)
at org.openqa.selenium.chrome.ChromeDriver.<init>(ChromeDriver.java:150)
at org.openqa.selenium.chrome.ChromeDriver.<init>(ChromeDriver.java:139)
at base.Base.setUp(Base.java:73)
at sun.reflect.NativeMethodAccessorImpl.invoke0(Native Method)
at sun.reflect.NativeMethodAccessorImpl.invoke(NativeMethodAccessorImpl.java:62)
at sun.reflect.DelegatingMethodAccessorImpl.invoke(DelegatingMethodAccessorImpl.java:43)
at java.lang.reflect.Method.invoke(Method.java:498)
at org.testng.internal.MethodInvocationHelper.invokeMethod(MethodInvocationHelper.java:133)
at org.testng.internal.MethodInvocationHelper.invokeMethodConsideringTimeout(MethodInvocationHelper.java:62)
at org.testng.internal.ConfigInvoker.invokeConfigurationMethod(ConfigInvoker.java:385)
at org.testng.internal.ConfigInvoker.invokeConfigurations(ConfigInvoker.java:321)
at org.testng.SuiteRunner.privateRun(SuiteRunner.java:317)
at org.testng.SuiteRunner.run(SuiteRunner.java:276)
at org.testng.SuiteRunnerWorker.runSuite(SuiteRunnerWorker.java:53)
at org.testng.SuiteRunnerWorker.run(SuiteRunnerWorker.java:96)
at org.testng.TestNG.runSuitesSequentially(TestNG.java:1212)
at org.testng.TestNG.runSuitesLocally(TestNG.java:1134)
at org.testng.TestNG.runSuites(TestNG.java:1063)
at org.testng.TestNG.run(TestNG.java:1031)
at org.testng.remote.AbstractRemoteTestNG.run(AbstractRemoteTestNG.java:115)
at org.testng.remote.RemoteTestNG.initAndRun(RemoteTestNG.java:251)
at org.testng.remote.RemoteTestNG.main(RemoteTestNG.java:77)
]]>
            </full-stacktrace>
          </exception> <!-- org.openqa.selenium.InvalidArgumentException -->
          <reporter-output>
          </reporter-output>
        </test-method> <!-- runScenario -->
        <test-method status="PASS" signature="tearDownClass()[pri:0, instance:Testsuit.LoginTest@33b37288]" name="tearDownClass" is-config="true" duration-ms="109" started-at="2021-08-06T11:29:33 IST" finished-at="2021-08-06T11:29:33 IST">
          <reporter-output>
          </reporter-output>
        </test-method> <!-- tearDownClass -->
      </class> <!-- Testsuit.LoginTest -->
    </test> <!-- Test -->
  </suite> <!-- Suite -->
</testng-results>
